#
# There is insufficient memory for the Java Runtime Environment to continue.
# Native memory allocation (malloc) failed to allocate 1313296 bytes for Chunk::new
# Possible reasons:
#   The system is out of physical RAM or swap space
#   The process is running with CompressedOops enabled, and the Java Heap may be blocking the growth of the native heap
# Possible solutions:
#   Reduce memory load on the system
#   Increase physical memory or swap space
#   Check if swap backing store is full
#   Decrease Java heap size (-Xmx/-Xms)
#   Decrease number of Java threads
#   Decrease Java thread stack sizes (-Xss)
#   Set larger code cache with -XX:ReservedCodeCacheSize=
#   JVM is running with Unscaled Compressed Oops mode in which the Java heap is
#     placed in the first 4GB address space. The Java Heap base address is the
#     maximum limit for the native heap growth. Please use -XX:HeapBaseMinAddress
#     to set the Java Heap base and to place the Java Heap above 4GB virtual address.
# This output file may be truncated or incomplete.
#
#  Out of Memory Error (allocation.cpp:389), pid=11992, tid=0x0000000000004388
#
# JRE version: OpenJDK Runtime Environment (8.0_242-b01) (build 1.8.0_242-release-1644-b01)
# Java VM: OpenJDK 64-Bit Server VM (25.242-b01 mixed mode windows-amd64 compressed oops)
# Failed to write core dump. Minidumps are not enabled by default on client versions of Windows
#

---------------  T H R E A D  ---------------

Current thread (0x0000000017698000):  JavaThread "C2 CompilerThread1" daemon [_thread_in_native, id=17288, stack(0x0000000018e00000,0x0000000018f00000)]

Stack: [0x0000000018e00000,0x0000000018f00000]
[error occurred during error reporting (printing stack bounds), id 0xc0000005]

Native frames: (J=compiled Java code, j=interpreted, Vv=VM code, C=native code)


Current CompileTask:
C2:  24075 4421   !   4       java.util.jar.Attributes::read (380 bytes)


---------------  P R O C E S S  ---------------

Java Threads: ( => current thread )
  0x000000001b1e2000 JavaThread "pool-1-thread-1" [_thread_blocked, id=18332, stack(0x0000000028820000,0x0000000028920000)]
  0x000000001b1df000 JavaThread "jar transforms Thread 92" [_thread_blocked, id=15588, stack(0x0000000028520000,0x0000000028620000)]
  0x000000001b1e0000 JavaThread "jar transforms Thread 91" [_thread_blocked, id=15684, stack(0x0000000028420000,0x0000000028520000)]
  0x000000001b1dc000 JavaThread "jar transforms Thread 90" [_thread_blocked, id=15032, stack(0x0000000028320000,0x0000000028420000)]
  0x000000001b1e0800 JavaThread "jar transforms Thread 89" [_thread_blocked, id=12064, stack(0x0000000028220000,0x0000000028320000)]
  0x000000001b1e1800 JavaThread "jar transforms Thread 88" [_thread_blocked, id=2508, stack(0x0000000028120000,0x0000000028220000)]
  0x000000001b1de800 JavaThread "jar transforms Thread 87" [_thread_blocked, id=12864, stack(0x0000000028020000,0x0000000028120000)]
  0x000000001b1db800 JavaThread "jar transforms Thread 86" [_thread_blocked, id=14552, stack(0x0000000027f20000,0x0000000028020000)]
  0x000000001b1dd800 JavaThread "jar transforms Thread 85" [_thread_blocked, id=16376, stack(0x0000000027e20000,0x0000000027f20000)]
  0x000000001b1dd000 JavaThread "jar transforms Thread 84" [_thread_blocked, id=17444, stack(0x0000000027d20000,0x0000000027e20000)]
  0x000000001b1d4800 JavaThread "jar transforms Thread 83" [_thread_blocked, id=12608, stack(0x0000000027c20000,0x0000000027d20000)]
  0x000000001b1d9000 JavaThread "jar transforms Thread 82" [_thread_blocked, id=552, stack(0x0000000027b20000,0x0000000027c20000)]
  0x000000001b1d4000 JavaThread "jar transforms Thread 81" [_thread_blocked, id=9236, stack(0x0000000027a20000,0x0000000027b20000)]
  0x000000001b1da800 JavaThread "jar transforms Thread 80" [_thread_blocked, id=16280, stack(0x0000000027920000,0x0000000027a20000)]
  0x000000001b1d8800 JavaThread "jar transforms Thread 79" [_thread_blocked, id=10776, stack(0x0000000027820000,0x0000000027920000)]
  0x000000001b1d7000 JavaThread "jar transforms Thread 78" [_thread_blocked, id=16292, stack(0x0000000027720000,0x0000000027820000)]
  0x000000001b1da000 JavaThread "jar transforms Thread 77" [_thread_blocked, id=13640, stack(0x0000000027620000,0x0000000027720000)]
  0x000000001b1d6000 JavaThread "jar transforms Thread 76" [_thread_blocked, id=1548, stack(0x0000000027520000,0x0000000027620000)]
  0x000000001b1d5800 JavaThread "jar transforms Thread 75" [_thread_blocked, id=16980, stack(0x0000000027420000,0x0000000027520000)]
  0x000000001b1d7800 JavaThread "jar transforms Thread 74" [_thread_blocked, id=13140, stack(0x0000000027320000,0x0000000027420000)]
  0x000000001ec47000 JavaThread "jar transforms Thread 73" [_thread_blocked, id=16700, stack(0x0000000027220000,0x0000000027320000)]
  0x000000001ec4b000 JavaThread "jar transforms Thread 72" [_thread_blocked, id=15816, stack(0x0000000027120000,0x0000000027220000)]
  0x000000001ec46800 JavaThread "jar transforms Thread 71" [_thread_blocked, id=6848, stack(0x0000000027020000,0x0000000027120000)]
  0x000000001ec4a000 JavaThread "jar transforms Thread 70" [_thread_blocked, id=14824, stack(0x0000000026f20000,0x0000000027020000)]
  0x000000001ec49800 JavaThread "jar transforms Thread 69" [_thread_blocked, id=5404, stack(0x0000000026e20000,0x0000000026f20000)]
  0x000000001ec48800 JavaThread "jar transforms Thread 68" [_thread_blocked, id=13772, stack(0x0000000026d20000,0x0000000026e20000)]
  0x000000001ec48000 JavaThread "jar transforms Thread 67" [_thread_blocked, id=14368, stack(0x0000000026c20000,0x0000000026d20000)]
  0x000000001ec45800 JavaThread "jar transforms Thread 66" [_thread_blocked, id=7620, stack(0x0000000026b20000,0x0000000026c20000)]
  0x000000001ec3e000 JavaThread "jar transforms Thread 65" [_thread_blocked, id=17884, stack(0x0000000026a20000,0x0000000026b20000)]
  0x000000001ec45000 JavaThread "jar transforms Thread 64" [_thread_blocked, id=17768, stack(0x0000000026920000,0x0000000026a20000)]
  0x000000001ec40800 JavaThread "jar transforms Thread 63" [_thread_blocked, id=14880, stack(0x0000000026820000,0x0000000026920000)]
  0x000000001ec3d800 JavaThread "jar transforms Thread 62" [_thread_blocked, id=5424, stack(0x0000000026720000,0x0000000026820000)]
  0x000000001ec3f800 JavaThread "jar transforms Thread 61" [_thread_blocked, id=8304, stack(0x0000000026620000,0x0000000026720000)]
  0x000000001ec44000 JavaThread "jar transforms Thread 60" [_thread_blocked, id=16228, stack(0x0000000026520000,0x0000000026620000)]
  0x000000001ec41000 JavaThread "jar transforms Thread 59" [_thread_blocked, id=14048, stack(0x0000000026420000,0x0000000026520000)]
  0x000000001ec3c800 JavaThread "jar transforms Thread 58" [_thread_blocked, id=1168, stack(0x0000000026320000,0x0000000026420000)]
  0x000000001ec42000 JavaThread "jar transforms Thread 57" [_thread_blocked, id=17792, stack(0x0000000026220000,0x0000000026320000)]
  0x000000001ec42800 JavaThread "jar transforms Thread 56" [_thread_blocked, id=17728, stack(0x0000000026120000,0x0000000026220000)]
  0x000000001ec43800 JavaThread "jar transforms Thread 55" [_thread_blocked, id=18392, stack(0x0000000026020000,0x0000000026120000)]
  0x000000001ec3c000 JavaThread "jar transforms Thread 54" [_thread_blocked, id=12724, stack(0x0000000025f20000,0x0000000026020000)]
  0x000000001ec3f000 JavaThread "jar transforms Thread 53" [_thread_blocked, id=13316, stack(0x0000000025e20000,0x0000000025f20000)]
  0x000000001e5c5800 JavaThread "jar transforms Thread 52" [_thread_blocked, id=17488, stack(0x0000000025d20000,0x0000000025e20000)]
  0x000000001e5c2800 JavaThread "jar transforms Thread 51" [_thread_blocked, id=16256, stack(0x0000000025c20000,0x0000000025d20000)]
  0x000000001e5c1800 JavaThread "jar transforms Thread 50" [_thread_blocked, id=1632, stack(0x0000000025b20000,0x0000000025c20000)]
  0x000000001e5c4800 JavaThread "jar transforms Thread 49" [_thread_blocked, id=16744, stack(0x0000000025a20000,0x0000000025b20000)]
  0x000000001e5c1000 JavaThread "jar transforms Thread 48" [_thread_blocked, id=7112, stack(0x0000000025920000,0x0000000025a20000)]
  0x000000001e5c4000 JavaThread "jar transforms Thread 47" [_thread_blocked, id=16396, stack(0x0000000025820000,0x0000000025920000)]
  0x000000001e5c3000 JavaThread "jar transforms Thread 46" [_thread_blocked, id=6652, stack(0x0000000025720000,0x0000000025820000)]
  0x000000001e5b9800 JavaThread "jar transforms Thread 45" [_thread_blocked, id=16352, stack(0x0000000025620000,0x0000000025720000)]
  0x000000001e5c0000 JavaThread "jar transforms Thread 44" [_thread_blocked, id=17904, stack(0x0000000025520000,0x0000000025620000)]
  0x000000001e5bf800 JavaThread "jar transforms Thread 43" [_thread_blocked, id=6568, stack(0x0000000025420000,0x0000000025520000)]
  0x000000001e5be800 JavaThread "jar transforms Thread 42" [_thread_blocked, id=17964, stack(0x0000000025320000,0x0000000025420000)]
  0x000000001e5b7000 JavaThread "jar transforms Thread 41" [_thread_blocked, id=11736, stack(0x0000000025220000,0x0000000025320000)]
  0x000000001e5be000 JavaThread "jar transforms Thread 40" [_thread_blocked, id=12692, stack(0x0000000025120000,0x0000000025220000)]
  0x000000001e5b6800 JavaThread "jar transforms Thread 39" [_thread_blocked, id=5772, stack(0x0000000025020000,0x0000000025120000)]
  0x000000001e5bd000 JavaThread "jar transforms Thread 38" [_thread_blocked, id=5244, stack(0x0000000024f20000,0x0000000025020000)]
  0x000000001e5b8800 JavaThread "jar transforms Thread 37" [_thread_blocked, id=8748, stack(0x0000000024e20000,0x0000000024f20000)]
  0x000000001e5bb800 JavaThread "jar transforms Thread 36" [_thread_blocked, id=9180, stack(0x0000000024d20000,0x0000000024e20000)]
  0x000000001e5b8000 JavaThread "jar transforms Thread 35" [_thread_blocked, id=7464, stack(0x0000000024c20000,0x0000000024d20000)]
  0x000000001e5bb000 JavaThread "jar transforms Thread 34" [_thread_blocked, id=17060, stack(0x0000000024b20000,0x0000000024c20000)]
  0x000000001e5bc800 JavaThread "jar transforms Thread 33" [_thread_blocked, id=13292, stack(0x0000000024a20000,0x0000000024b20000)]
  0x000000001e5ba000 JavaThread "jar transforms Thread 32" [_thread_blocked, id=12404, stack(0x0000000024920000,0x0000000024a20000)]
  0x000000001b9d1800 JavaThread "jar transforms Thread 31" [_thread_blocked, id=2480, stack(0x0000000024820000,0x0000000024920000)]
  0x000000001b9d1000 JavaThread "jar transforms Thread 30" [_thread_blocked, id=16712, stack(0x0000000024720000,0x0000000024820000)]
  0x000000001b9d0000 JavaThread "jar transforms Thread 29" [_thread_blocked, id=10536, stack(0x0000000024620000,0x0000000024720000)]
  0x000000001b9ce800 JavaThread "jar transforms Thread 28" [_thread_blocked, id=12412, stack(0x0000000024520000,0x0000000024620000)]
  0x000000001b9d3000 JavaThread "jar transforms Thread 27" [_thread_blocked, id=11980, stack(0x0000000024420000,0x0000000024520000)]
  0x000000001b9ce000 JavaThread "jar transforms Thread 26" [_thread_blocked, id=10720, stack(0x0000000024320000,0x0000000024420000)]
  0x000000001b9cb000 JavaThread "Build operations Thread 4" [_thread_blocked, id=17084, stack(0x0000000024020000,0x0000000024120000)]
  0x000000001b9cd000 JavaThread "Build operations Thread 3" [_thread_blocked, id=4012, stack(0x0000000023f20000,0x0000000024020000)]
  0x000000001b9cf800 JavaThread "Build operations Thread 2" [_thread_blocked, id=7404, stack(0x0000000023e20000,0x0000000023f20000)]
  0x000000001b9cc800 JavaThread "Build operations" [_thread_blocked, id=13652, stack(0x0000000023d20000,0x0000000023e20000)]
  0x000000001b9c5000 JavaThread "Cache worker for Build Output Cleanup Cache (C:\Users\hp\AndroidStudioProjects\Ass3Video\.gradle\buildOutputCleanup)" [_thread_blocked, id=15528, stack(0x0000000023400000,0x0000000023500000)]
  0x000000001b9c7000 JavaThread "Cache worker for file content cache (C:\Users\hp\.gradle\caches\6.5\fileContent)" [_thread_blocked, id=17272, stack(0x0000000023300000,0x0000000023400000)]
  0x000000001b9c8000 JavaThread "Cache worker for execution history cache (C:\Users\hp\.gradle\caches\6.5\executionHistory)" [_thread_blocked, id=18380, stack(0x0000000022e00000,0x0000000022f00000)]
  0x000000001b9c4000 JavaThread "Cache worker for cache directory md-rule (C:\Users\hp\.gradle\caches\6.5\md-rule)" [_thread_blocked, id=5012, stack(0x0000000022b00000,0x0000000022c00000)]
  0x000000001b784000 JavaThread "Cache worker for cache directory md-supplier (C:\Users\hp\.gradle\caches\6.5\md-supplier)" [_thread_blocked, id=11028, stack(0x0000000022a00000,0x0000000022b00000)]
  0x000000001b783000 JavaThread "Cache worker for checksums cache (C:\Users\hp\AndroidStudioProjects\Ass3Video\.gradle\checksums)" [_thread_blocked, id=12440, stack(0x0000000022900000,0x0000000022a00000)]
  0x000000001b782800 JavaThread "jar transforms Thread 25" [_thread_blocked, id=15836, stack(0x0000000022600000,0x0000000022700000)]
  0x000000001b781000 JavaThread "jar transforms Thread 24" [_thread_blocked, id=1560, stack(0x0000000022500000,0x0000000022600000)]
  0x000000001b784800 JavaThread "jar transforms Thread 23" [_thread_blocked, id=10276, stack(0x0000000022400000,0x0000000022500000)]
  0x000000001b781800 JavaThread "jar transforms Thread 22" [_thread_blocked, id=5400, stack(0x0000000022300000,0x0000000022400000)]
  0x000000001b780000 JavaThread "jar transforms Thread 21" [_thread_blocked, id=12600, stack(0x0000000022200000,0x0000000022300000)]
  0x000000001b778800 JavaThread "jar transforms Thread 20" [_thread_blocked, id=9532, stack(0x0000000022100000,0x0000000022200000)]
  0x000000001b77f800 JavaThread "jar transforms Thread 19" [_thread_blocked, id=17112, stack(0x0000000021f00000,0x0000000022000000)]
  0x000000001b77e800 JavaThread "jar transforms Thread 18" [_thread_blocked, id=1396, stack(0x0000000021e00000,0x0000000021f00000)]
  0x000000001b77a000 JavaThread "jar transforms Thread 17" [_thread_blocked, id=15088, stack(0x0000000021d00000,0x0000000021e00000)]
  0x000000001b77e000 JavaThread "jar transforms Thread 16" [_thread_blocked, id=18364, stack(0x0000000021c00000,0x0000000021d00000)]
  0x000000001b776800 JavaThread "jar transforms Thread 15" [_thread_blocked, id=6900, stack(0x0000000021b00000,0x0000000021c00000)]
  0x000000001b779800 JavaThread "jar transforms Thread 14" [_thread_blocked, id=16536, stack(0x0000000021a00000,0x0000000021b00000)]
  0x000000001b77d000 JavaThread "jar transforms Thread 13" [_thread_blocked, id=18148, stack(0x0000000021900000,0x0000000021a00000)]
  0x000000001b77b800 JavaThread "jar transforms Thread 12" [_thread_blocked, id=18404, stack(0x0000000021800000,0x0000000021900000)]
  0x000000001b77b000 JavaThread "jar transforms Thread 11" [_thread_blocked, id=15092, stack(0x0000000021700000,0x0000000021800000)]
  0x000000001b775800 JavaThread "jar transforms Thread 10" [_thread_blocked, id=15748, stack(0x0000000021600000,0x0000000021700000)]
  0x000000001b777000 JavaThread "jar transforms Thread 9" [_thread_blocked, id=17656, stack(0x0000000021500000,0x0000000021600000)]
  0x000000001b778000 JavaThread "jar transforms Thread 8" [_thread_blocked, id=10124, stack(0x0000000021400000,0x0000000021500000)]
  0x000000001b77c800 JavaThread "jar transforms Thread 7" [_thread_blocked, id=16732, stack(0x0000000020260000,0x0000000020360000)]
  0x000000001909c800 JavaThread "jar transforms Thread 6" [_thread_blocked, id=18184, stack(0x000000001ff30000,0x0000000020030000)]
  0x000000001909a800 JavaThread "jar transforms Thread 5" [_thread_blocked, id=17260, stack(0x000000001fe30000,0x000000001ff30000)]
  0x0000000019099800 JavaThread "jar transforms Thread 4" [_thread_blocked, id=13308, stack(0x000000001fd30000,0x000000001fe30000)]
  0x000000001909c000 JavaThread "jar transforms Thread 3" [_thread_blocked, id=10268, stack(0x000000001fc30000,0x000000001fd30000)]
  0x0000000019099000 JavaThread "jar transforms Thread 2" [_thread_blocked, id=18244, stack(0x000000001fb30000,0x000000001fc30000)]
  0x000000001909e000 JavaThread "jar transforms" [_thread_blocked, id=17020, stack(0x000000001fa30000,0x000000001fb30000)]
  0x000000001909f000 JavaThread "Cache worker for file hash cache (C:\Users\hp\AndroidStudioProjects\Ass3Video\.gradle\6.5\fileHashes)" [_thread_blocked, id=18272, stack(0x000000001f930000,0x000000001fa30000)]
  0x000000001909b000 JavaThread "Cache worker for file hash cache (C:\Users\hp\.gradle\caches\6.5\fileHashes)" [_thread_blocked, id=17608, stack(0x000000001d690000,0x000000001d790000)]
  0x000000001909f800 JavaThread "File lock request listener" [_thread_in_native, id=14540, stack(0x000000001d590000,0x000000001d690000)]
  0x000000001909d800 JavaThread "Cache worker for journal cache (C:\Users\hp\.gradle\caches\journal-1)" [_thread_blocked, id=4168, stack(0x000000001d490000,0x000000001d590000)]
  0x0000000019187800 JavaThread "Thread-9" [_thread_blocked, id=2496, stack(0x000000001d190000,0x000000001d290000)]
  0x000000001a5a3000 JavaThread "Stdin handler" [_thread_blocked, id=4220, stack(0x000000001d090000,0x000000001d190000)]
  0x000000001a5a1800 JavaThread "Asynchronous log dispatcher for DefaultDaemonConnection: socket connection from /127.0.0.1:62783 to /127.0.0.1:62784" [_thread_blocked, id=704, stack(0x000000001cf90000,0x000000001d090000)]
  0x000000001b186800 JavaThread "Daemon worker" [_thread_in_vm, id=17080, stack(0x000000001ce90000,0x000000001cf90000)]
  0x0000000019e63800 JavaThread "Cancel handler" [_thread_blocked, id=8460, stack(0x000000001cd90000,0x000000001ce90000)]
  0x0000000019ffe800 JavaThread "Handler for socket connection from /127.0.0.1:62783 to /127.0.0.1:62784" [_thread_in_native, id=2932, stack(0x000000001cc90000,0x000000001cd90000)]
  0x0000000019ffa000 JavaThread "Daemon" [_thread_blocked, id=10548, stack(0x000000001cb90000,0x000000001cc90000)]
  0x0000000019dfc000 JavaThread "Daemon periodic checks" [_thread_blocked, id=16300, stack(0x000000001c890000,0x000000001c990000)]
  0x0000000019fc9000 JavaThread "Incoming local TCP Connector on port 62783" [_thread_in_native, id=12704, stack(0x000000001c650000,0x000000001c750000)]
  0x000000001a06e000 JavaThread "Daemon health stats" [_thread_blocked, id=17548, stack(0x000000001c010000,0x000000001c110000)]
  0x0000000018f64800 JavaThread "Service Thread" daemon [_thread_blocked, id=17004, stack(0x0000000019400000,0x0000000019500000)]
  0x0000000018f4b000 JavaThread "C1 CompilerThread2" daemon [_thread_blocked, id=16272, stack(0x0000000019300000,0x0000000019400000)]
=>0x0000000017698000 JavaThread "C2 CompilerThread1" daemon [_thread_in_native, id=17288, stack(0x0000000018e00000,0x0000000018f00000)]
  0x0000000017694800 JavaThread "C2 CompilerThread0" daemon [_thread_in_native, id=13196, stack(0x0000000018d00000,0x0000000018e00000)]
  0x0000000017693000 JavaThread "Attach Listener" daemon [_thread_blocked, id=4544, stack(0x0000000018c00000,0x0000000018d00000)]
  0x00000000176e1800 JavaThread "Signal Dispatcher" daemon [_thread_blocked, id=15756, stack(0x0000000018b00000,0x0000000018c00000)]
  0x0000000002a65000 JavaThread "Finalizer" daemon [_thread_blocked, id=3828, stack(0x0000000018900000,0x0000000018a00000)]
  0x0000000017679000 JavaThread "Reference Handler" daemon [_thread_blocked, id=17916, stack(0x0000000018800000,0x0000000018900000)]
  0x000000000296d800 JavaThread "main" [_thread_blocked, id=9992, stack(0x0000000002830000,0x0000000002930000)]

Other Threads:
  0x0000000017656000 VMThread [stack: 0x0000000018700000,0x0000000018800000] [id=17244]
  0x0000000018f65800 WatcherThread [stack: 0x0000000019500000,0x0000000019600000] [id=17464]

VM state:not at safepoint (normal execution)

VM Mutex/Monitor currently owned by a thread:  ([mutex/lock_event])
[0x000000000296cce0] InlineCacheBuffer_lock - owner thread: 0x0000000000000000

heap address: 0x0000000080000000, size: 2048 MB, Compressed Oops mode: 32-bit
Narrow klass base: 0x0000000000000000, Narrow klass shift: 3
Compressed class space size: 1073741824 Address: 0x0000000100000000

Heap:
 PSYoungGen      total 159232K, used 127187K [0x00000000d5580000, 0x00000000dff80000, 0x0000000100000000)
  eden space 149504K, 78% used [0x00000000d5580000,0x00000000dc8c3c88,0x00000000de780000)
  from space 9728K, 94% used [0x00000000df600000,0x00000000dfef10e0,0x00000000dff80000)
  to   space 12288K, 0% used [0x00000000de780000,0x00000000de780000,0x00000000df380000)
 ParOldGen       total 76288K, used 14882K [0x0000000080000000, 0x0000000084a80000, 0x00000000d5580000)
  object space 76288K, 19% used [0x0000000080000000,0x0000000080e888f8,0x0000000084a80000)
 Metaspace       used 47385K, capacity 49442K, committed 49664K, reserved 1091584K
  class space    used 6401K, capacity 6810K, committed 6912K, reserved 1048576K

Card table byte_map: [0x0000000011e30000,0x0000000012240000] byte_map_base: 0x0000000011a30000

Marking Bits: (ParMarkBitMap*) 0x000000006ec7f030
 Begin Bits: [0x00000000128f0000, 0x00000000148f0000)
 End Bits:   [0x00000000148f0000, 0x00000000168f0000)

Polling page: 0x0000000002780000

CodeCache: size=245760Kb used=14403Kb max_used=14403Kb free=231356Kb
 bounds [0x0000000002a70000, 0x0000000003890000, 0x0000000011a70000]
 total_blobs=4963 nmethods=4216 adapters=658
 compilation: enabled

Compilation events (10 events):
Event: 24.058 Thread 0x0000000018f4b000 nmethod 4519% 0x0000000003876590 code [0x0000000003876d40, 0x000000000387c008]
Event: 24.058 Thread 0x0000000018f4b000 4520       3       org.objectweb.asm.SymbolTable::addConstantIntegerOrFloat (100 bytes)
Event: 24.059 Thread 0x0000000018f4b000 nmethod 4520 0x000000000385c250 code [0x000000000385c420, 0x000000000385ca18]
Event: 24.060 Thread 0x0000000018f4b000 4522       3       java.util.jar.JarFile::maybeInstantiateVerifier (96 bytes)
Event: 24.061 Thread 0x0000000018f4b000 nmethod 4522 0x0000000003872f50 code [0x0000000003873180, 0x0000000003873e28]
Event: 24.069 Thread 0x0000000017694800 nmethod 4521 0x0000000003880490 code [0x0000000003880840, 0x0000000003880f68]
Event: 24.069 Thread 0x0000000017694800 4523   !   4       sun.misc.Resource::getBytes (242 bytes)
Event: 24.070 Thread 0x0000000018f4b000 4524       3       sun.reflect.annotation.AnnotationParser::parseMemberValue (162 bytes)
Event: 24.071 Thread 0x0000000018f4b000 nmethod 4524 0x0000000003881610 code [0x00000000038818e0, 0x0000000003882d38]
Event: 24.071 Thread 0x0000000018f4b000 4525       3       org.gradle.internal.instantiation.generator.AbstractClassGenerator::inspectType (560 bytes)

GC Heap History (10 events):
Event: 14.476 GC heap before
{Heap before GC invocations=8 (full 1):
 PSYoungGen      total 76288K, used 66048K [0x00000000d5580000, 0x00000000dab80000, 0x0000000100000000)
  eden space 66048K, 100% used [0x00000000d5580000,0x00000000d9600000,0x00000000d9600000)
  from space 10240K, 0% used [0x00000000da080000,0x00000000da080000,0x00000000daa80000)
  to   space 10752K, 0% used [0x00000000d9600000,0x00000000d9600000,0x00000000da080000)
 ParOldGen       total 57344K, used 9150K [0x0000000080000000, 0x0000000083800000, 0x00000000d5580000)
  object space 57344K, 15% used [0x0000000080000000,0x00000000808efba8,0x0000000083800000)
 Metaspace       used 24739K, capacity 25764K, committed 25856K, reserved 1071104K
  class space    used 3523K, capacity 3803K, committed 3840K, reserved 1048576K
Event: 14.495 GC heap after
Heap after GC invocations=8 (full 1):
 PSYoungGen      total 76800K, used 5980K [0x00000000d5580000, 0x00000000dd380000, 0x0000000100000000)
  eden space 66048K, 0% used [0x00000000d5580000,0x00000000d5580000,0x00000000d9600000)
  from space 10752K, 55% used [0x00000000d9600000,0x00000000d9bd72b8,0x00000000da080000)
  to   space 10240K, 0% used [0x00000000dc980000,0x00000000dc980000,0x00000000dd380000)
 ParOldGen       total 57344K, used 9158K [0x0000000080000000, 0x0000000083800000, 0x00000000d5580000)
  object space 57344K, 15% used [0x0000000080000000,0x00000000808f1ba8,0x0000000083800000)
 Metaspace       used 24739K, capacity 25764K, committed 25856K, reserved 1071104K
  class space    used 3523K, capacity 3803K, committed 3840K, reserved 1048576K
}
Event: 16.742 GC heap before
{Heap before GC invocations=9 (full 1):
 PSYoungGen      total 76800K, used 72028K [0x00000000d5580000, 0x00000000dd380000, 0x0000000100000000)
  eden space 66048K, 100% used [0x00000000d5580000,0x00000000d9600000,0x00000000d9600000)
  from space 10752K, 55% used [0x00000000d9600000,0x00000000d9bd72b8,0x00000000da080000)
  to   space 10240K, 0% used [0x00000000dc980000,0x00000000dc980000,0x00000000dd380000)
 ParOldGen       total 57344K, used 9158K [0x0000000080000000, 0x0000000083800000, 0x00000000d5580000)
  object space 57344K, 15% used [0x0000000080000000,0x00000000808f1ba8,0x0000000083800000)
 Metaspace       used 33016K, capacity 34182K, committed 34560K, reserved 1079296K
  class space    used 4447K, capacity 4747K, committed 4864K, reserved 1048576K
Event: 16.768 GC heap after
Heap after GC invocations=9 (full 1):
 PSYoungGen      total 117248K, used 10141K [0x00000000d5580000, 0x00000000dd600000, 0x0000000100000000)
  eden space 107008K, 0% used [0x00000000d5580000,0x00000000d5580000,0x00000000dbe00000)
  from space 10240K, 99% used [0x00000000dc980000,0x00000000dd367518,0x00000000dd380000)
  to   space 11776K, 0% used [0x00000000dbe00000,0x00000000dbe00000,0x00000000dc980000)
 ParOldGen       total 57344K, used 9166K [0x0000000080000000, 0x0000000083800000, 0x00000000d5580000)
  object space 57344K, 15% used [0x0000000080000000,0x00000000808f3ba8,0x0000000083800000)
 Metaspace       used 33016K, capacity 34182K, committed 34560K, reserved 1079296K
  class space    used 4447K, capacity 4747K, committed 4864K, reserved 1048576K
}
Event: 17.245 GC heap before
{Heap before GC invocations=10 (full 1):
 PSYoungGen      total 117248K, used 37694K [0x00000000d5580000, 0x00000000dd600000, 0x0000000100000000)
  eden space 107008K, 25% used [0x00000000d5580000,0x00000000d70684b8,0x00000000dbe00000)
  from space 10240K, 99% used [0x00000000dc980000,0x00000000dd367518,0x00000000dd380000)
  to   space 11776K, 0% used [0x00000000dbe00000,0x00000000dbe00000,0x00000000dc980000)
 ParOldGen       total 57344K, used 9166K [0x0000000080000000, 0x0000000083800000, 0x00000000d5580000)
  object space 57344K, 15% used [0x0000000080000000,0x00000000808f3ba8,0x0000000083800000)
 Metaspace       used 34037K, capacity 35356K, committed 35456K, reserved 1079296K
  class space    used 4580K, capacity 4914K, committed 4992K, reserved 1048576K
Event: 17.261 GC heap after
Heap after GC invocations=10 (full 1):
 PSYoungGen      total 118784K, used 8243K [0x00000000d5580000, 0x00000000e0180000, 0x0000000100000000)
  eden space 107008K, 0% used [0x00000000d5580000,0x00000000d5580000,0x00000000dbe00000)
  from space 11776K, 70% used [0x00000000dbe00000,0x00000000dc60cf68,0x00000000dc980000)
  to   space 11776K, 0% used [0x00000000df600000,0x00000000df600000,0x00000000e0180000)
 ParOldGen       total 57344K, used 9174K [0x0000000080000000, 0x0000000083800000, 0x00000000d5580000)
  object space 57344K, 15% used [0x0000000080000000,0x00000000808f5ba8,0x0000000083800000)
 Metaspace       used 34037K, capacity 35356K, committed 35456K, reserved 1079296K
  class space    used 4580K, capacity 4914K, committed 4992K, reserved 1048576K
}
Event: 17.261 GC heap before
{Heap before GC invocations=11 (full 2):
 PSYoungGen      total 118784K, used 8243K [0x00000000d5580000, 0x00000000e0180000, 0x0000000100000000)
  eden space 107008K, 0% used [0x00000000d5580000,0x00000000d5580000,0x00000000dbe00000)
  from space 11776K, 70% used [0x00000000dbe00000,0x00000000dc60cf68,0x00000000dc980000)
  to   space 11776K, 0% used [0x00000000df600000,0x00000000df600000,0x00000000e0180000)
 ParOldGen       total 57344K, used 9174K [0x0000000080000000, 0x0000000083800000, 0x00000000d5580000)
  object space 57344K, 15% used [0x0000000080000000,0x00000000808f5ba8,0x0000000083800000)
 Metaspace       used 34037K, capacity 35356K, committed 35456K, reserved 1079296K
  class space    used 4580K, capacity 4914K, committed 4992K, reserved 1048576K
Event: 17.335 GC heap after
Heap after GC invocations=11 (full 2):
 PSYoungGen      total 118784K, used 0K [0x00000000d5580000, 0x00000000e0180000, 0x0000000100000000)
  eden space 107008K, 0% used [0x00000000d5580000,0x00000000d5580000,0x00000000dbe00000)
  from space 11776K, 0% used [0x00000000dbe00000,0x00000000dbe00000,0x00000000dc980000)
  to   space 11776K, 0% used [0x00000000df600000,0x00000000df600000,0x00000000e0180000)
 ParOldGen       total 76288K, used 14874K [0x0000000080000000, 0x0000000084a80000, 0x00000000d5580000)
  object space 76288K, 19% used [0x0000000080000000,0x0000000080e868f8,0x0000000084a80000)
 Metaspace       used 34037K, capacity 35356K, committed 35456K, reserved 1079296K
  class space    used 4580K, capacity 4914K, committed 4992K, reserved 1048576K
}
Event: 19.447 GC heap before
{Heap before GC invocations=12 (full 2):
 PSYoungGen      total 118784K, used 107008K [0x00000000d5580000, 0x00000000e0180000, 0x0000000100000000)
  eden space 107008K, 100% used [0x00000000d5580000,0x00000000dbe00000,0x00000000dbe00000)
  from space 11776K, 0% used [0x00000000dbe00000,0x00000000dbe00000,0x00000000dc980000)
  to   space 11776K, 0% used [0x00000000df600000,0x00000000df600000,0x00000000e0180000)
 ParOldGen       total 76288K, used 14874K [0x0000000080000000, 0x0000000084a80000, 0x00000000d5580000)
  object space 76288K, 19% used [0x0000000080000000,0x0000000080e868f8,0x0000000084a80000)
 Metaspace       used 38686K, capacity 40492K, committed 40576K, reserved 1083392K
  class space    used 5311K, capacity 5706K, committed 5760K, reserved 1048576K
Event: 19.459 GC heap after
Heap after GC invocations=12 (full 2):
 PSYoungGen      total 159232K, used 9156K [0x00000000d5580000, 0x00000000dff80000, 0x0000000100000000)
  eden space 149504K, 0% used [0x00000000d5580000,0x00000000d5580000,0x00000000de780000)
  from space 9728K, 94% used [0x00000000df600000,0x00000000dfef10e0,0x00000000dff80000)
  to   space 12288K, 0% used [0x00000000de780000,0x00000000de780000,0x00000000df380000)
 ParOldGen       total 76288K, used 14882K [0x0000000080000000, 0x0000000084a80000, 0x00000000d5580000)
  object space 76288K, 19% used [0x0000000080000000,0x0000000080e888f8,0x0000000084a80000)
 Metaspace       used 38686K, capacity 40492K, committed 40576K, reserved 1083392K
  class space    used 5311K, capacity 5706K, committed 5760K, reserved 1048576K
}

Deoptimization events (10 events):
Event: 23.875 Thread 0x000000001b186800 Uncommon trap: reason=unstable_if action=reinterpret pc=0x0000000002f54f7c method=java.lang.CharacterDataLatin1.isWhitespace(I)Z @ 14
Event: 23.960 Thread 0x000000001b186800 Uncommon trap: reason=unstable_if action=reinterpret pc=0x0000000003764748 method=java.util.jar.JarFile.maybeInstantiateVerifier()V @ 4
Event: 23.963 Thread 0x000000001b186800 Uncommon trap: reason=predicate action=maybe_recompile pc=0x0000000003798f90 method=sun.misc.Resource.getBytes()[B @ 53
Event: 23.963 Thread 0x000000001b186800 Uncommon trap: reason=unstable_if action=reinterpret pc=0x00000000037b5bd4 method=java.util.jar.JarFile.maybeInstantiateVerifier()V @ 4
Event: 23.965 Thread 0x000000001b186800 Uncommon trap: reason=unstable_if action=reinterpret pc=0x00000000030dddec method=java.security.CodeSource.getCertificates()[Ljava/security/cert/Certificate; @ 22
Event: 23.965 Thread 0x000000001b186800 Uncommon trap: reason=unstable_if action=reinterpret pc=0x0000000002fc7370 method=java.util.jar.JarFile.maybeInstantiateVerifier()V @ 4
Event: 23.965 Thread 0x000000001b186800 Uncommon trap: reason=unstable_if action=reinterpret pc=0x0000000003766ba8 method=java.util.jar.JarFile.maybeInstantiateVerifier()V @ 4
Event: 23.966 Thread 0x000000001b186800 Uncommon trap: reason=unstable_if action=reinterpret pc=0x00000000037b4f08 method=java.util.jar.JarFile.maybeInstantiateVerifier()V @ 4
Event: 23.967 Thread 0x000000001b186800 Uncommon trap: reason=unstable_if action=reinterpret pc=0x0000000003794a68 method=java.security.CodeSource.matchCerts(Ljava/security/CodeSource;Z)Z @ 11
Event: 24.000 Thread 0x000000001b186800 Uncommon trap: reason=unstable_if action=reinterpret pc=0x00000000035a77f8 method=java.util.LinkedHashMap.get(Ljava/lang/Object;)Ljava/lang/Object; @ 20

Classes redefined (0 events):
No events

Internal exceptions (10 events):
Event: 20.081 Thread 0x000000001b186800 Exception <a 'java/lang/ClassNotFoundException': org/gradle/api/DefaultTaskCustomizer> (0x00000000d731fe20) thrown at [C:\src\AOSP-openjdk-git\hotspot\src\share\vm\classfile\systemDictionary.cpp, line 210]
Event: 20.084 Thread 0x000000001b186800 Exception <a 'java/lang/ClassNotFoundException': org/gradle/api/internal/ConventionTaskCustomizer> (0x00000000d7365600) thrown at [C:\src\AOSP-openjdk-git\hotspot\src\share\vm\classfile\systemDictionary.cpp, line 210]
Event: 20.086 Thread 0x000000001b186800 Exception <a 'java/lang/ClassNotFoundException': org/gradle/api/tasks/DeleteCustomizer> (0x00000000d73a7878) thrown at [C:\src\AOSP-openjdk-git\hotspot\src\share\vm\classfile\systemDictionary.cpp, line 210]
Event: 20.088 Thread 0x000000001b186800 Exception <a 'java/lang/ClassNotFoundException': org/gradle/api/tasks/Delete_DecoratedCustomizer> (0x00000000d73f72b0) thrown at [C:\src\AOSP-openjdk-git\hotspot\src\share\vm\classfile\systemDictionary.cpp, line 210]
Event: 20.139 Thread 0x000000001b186800 Exception <a 'java/lang/ClassNotFoundException': build_5z99ynfyq7lme5gijbjadbt56BeanInfo> (0x00000000d7577cd0) thrown at [C:\src\AOSP-openjdk-git\hotspot\src\share\vm\classfile\systemDictionary.cpp, line 210]
Event: 20.140 Thread 0x000000001b186800 Exception <a 'java/lang/ClassNotFoundException': build_5z99ynfyq7lme5gijbjadbt56Customizer> (0x00000000d7583910) thrown at [C:\src\AOSP-openjdk-git\hotspot\src\share\vm\classfile\systemDictionary.cpp, line 210]
Event: 20.149 Thread 0x000000001b186800 Exception <a 'java/lang/ClassNotFoundException': org/gradle/plugin/use/internal/PluginRequestCollector$PluginDependenciesSpecImplBeanInfo> (0x00000000d7627d40) thrown at [C:\src\AOSP-openjdk-git\hotspot\src\share\vm\classfile\systemDictionary.cpp, line 21
Event: 20.150 Thread 0x000000001b186800 Exception <a 'java/lang/ClassNotFoundException': org/gradle/plugin/use/internal/PluginRequestCollector$PluginDependenciesSpecImplCustomizer> (0x00000000d7667c80) thrown at [C:\src\AOSP-openjdk-git\hotspot\src\share\vm\classfile\systemDictionary.cpp, line 
Event: 20.671 Thread 0x000000001b186800 Exception <a 'sun/nio/fs/WindowsException'> (0x00000000d8ea5ed8) thrown at [C:\src\AOSP-openjdk-git\hotspot\src\share\vm\prims\jni.cpp, line 710]
Event: 23.796 Thread 0x000000001b186800 Implicit null exception at 0x00000000035b96c8 to 0x00000000035b9855

Events (10 events):
Event: 24.069 loading class com/android/build/gradle/internal/dsl/NdkOptions$DebugSymbolLevel
Event: 24.069 loading class com/android/build/gradle/internal/dsl/NdkOptions$DebugSymbolLevel done
Event: 24.070 loading class org/gradle/api/tasks/Input
Event: 24.070 loading class org/gradle/api/tasks/Input done
Event: 24.070 loading class org/gradle/api/tasks/Optional
Event: 24.070 loading class org/gradle/api/tasks/Optional done
Event: 24.073 loading class com/google/common/base/Converter$IdentityConverter
Event: 24.073 loading class com/google/common/base/Converter$IdentityConverter done
Event: 24.073 loading class com/google/common/base/Converter$ReverseConverter
Event: 24.073 loading class com/google/common/base/Converter$ReverseConverter done


Dynamic libraries:
0x00007ff7d69d0000 - 0x00007ff7d6a01000 	C:\Program Files\Android\Android Studio\jre\bin\java.exe
0x00007fff9b000000 - 0x00007fff9b1f0000 	C:\Windows\SYSTEM32\ntdll.dll
0x00007fff9aae0000 - 0x00007fff9ab92000 	C:\Windows\System32\KERNEL32.DLL
0x00007fff982b0000 - 0x00007fff98555000 	C:\Windows\System32\KERNELBASE.dll
0x00007fff99860000 - 0x00007fff99903000 	C:\Windows\System32\ADVAPI32.dll
0x00007fff9af20000 - 0x00007fff9afbe000 	C:\Windows\System32\msvcrt.dll
0x00007fff9a970000 - 0x00007fff9aa07000 	C:\Windows\System32\sechost.dll
0x00007fff99740000 - 0x00007fff9985f000 	C:\Windows\System32\RPCRT4.dll
0x00007fff99940000 - 0x00007fff99ad4000 	C:\Windows\System32\USER32.dll
0x00007fff98280000 - 0x00007fff982a1000 	C:\Windows\System32\win32u.dll
0x00007fff99c70000 - 0x00007fff99c96000 	C:\Windows\System32\GDI32.dll
0x00007fff98e80000 - 0x00007fff99018000 	C:\Windows\System32\gdi32full.dll
0x00007fff981e0000 - 0x00007fff9827e000 	C:\Windows\System32\msvcp_win.dll
0x00007fff98590000 - 0x00007fff9868a000 	C:\Windows\System32\ucrtbase.dll
0x00007fff88c80000 - 0x00007fff88f04000 	C:\Windows\WinSxS\amd64_microsoft.windows.common-controls_6595b64144ccf1df_6.0.18362.1440_none_9e7dbfb9e45e8e67\COMCTL32.dll
0x00007fff9a630000 - 0x00007fff9a966000 	C:\Windows\System32\combase.dll
0x00007fff99020000 - 0x00007fff990a1000 	C:\Windows\System32\bcryptPrimitives.dll
0x00007fff99910000 - 0x00007fff9993e000 	C:\Windows\System32\IMM32.DLL
0x000000006e2f0000 - 0x000000006e3c2000 	C:\Program Files\Android\Android Studio\jre\jre\bin\msvcr100.dll
0x000000006e4b0000 - 0x000000006ecfb000 	C:\Program Files\Android\Android Studio\jre\jre\bin\server\jvm.dll
0x00007fff99260000 - 0x00007fff99268000 	C:\Windows\System32\PSAPI.DLL
0x00007fff96990000 - 0x00007fff96999000 	C:\Windows\SYSTEM32\WSOCK32.dll
0x00007fff99d60000 - 0x00007fff99dcf000 	C:\Windows\System32\WS2_32.dll
0x00007fff95a50000 - 0x00007fff95a74000 	C:\Windows\SYSTEM32\WINMM.dll
0x00007fff90350000 - 0x00007fff9035a000 	C:\Windows\SYSTEM32\VERSION.dll
0x00007fff955d0000 - 0x00007fff955fd000 	C:\Windows\SYSTEM32\WINMMBASE.dll
0x00007fff98e30000 - 0x00007fff98e7a000 	C:\Windows\System32\cfgmgr32.dll
0x00007fff95be0000 - 0x00007fff95bef000 	C:\Program Files\Android\Android Studio\jre\jre\bin\verify.dll
0x00007fff80170000 - 0x00007fff80199000 	C:\Program Files\Android\Android Studio\jre\jre\bin\java.dll
0x00007fff8f950000 - 0x00007fff8f966000 	C:\Program Files\Android\Android Studio\jre\jre\bin\zip.dll
0x00007fff99dd0000 - 0x00007fff9a4b8000 	C:\Windows\System32\SHELL32.dll
0x00007fff99cb0000 - 0x00007fff99d57000 	C:\Windows\System32\shcore.dll
0x00007fff986b0000 - 0x00007fff98e2b000 	C:\Windows\System32\windows.storage.dll
0x00007fff97f50000 - 0x00007fff97f6e000 	C:\Windows\System32\profapi.dll
0x00007fff97f00000 - 0x00007fff97f4a000 	C:\Windows\System32\powrprof.dll
0x00007fff97eb0000 - 0x00007fff97ec0000 	C:\Windows\System32\UMPDC.dll
0x00007fff996e0000 - 0x00007fff99732000 	C:\Windows\System32\shlwapi.dll
0x00007fff97ec0000 - 0x00007fff97ed1000 	C:\Windows\System32\kernel.appcore.dll
0x00007fff98690000 - 0x00007fff986a7000 	C:\Windows\System32\cryptsp.dll
0x00007fff803a0000 - 0x00007fff803ba000 	C:\Program Files\Android\Android Studio\jre\jre\bin\net.dll
0x00007fff97690000 - 0x00007fff976f7000 	C:\Windows\system32\mswsock.dll
0x00007fff80150000 - 0x00007fff80163000 	C:\Program Files\Android\Android Studio\jre\jre\bin\nio.dll
0x00007fff718f0000 - 0x00007fff71917000 	C:\Users\hp\.gradle\native\f6784746aeab05261644944871eae4fe03e0ef1612fff0a4a95f87b438bc6780\windows-amd64\native-platform.dll
0x00007fff95c60000 - 0x00007fff95c6d000 	C:\Program Files\Android\Android Studio\jre\jre\bin\management.dll
0x00007fff97210000 - 0x00007fff97243000 	C:\Windows\system32\rsaenh.dll
0x00007fff98560000 - 0x00007fff98586000 	C:\Windows\System32\bcrypt.dll
0x00007fff97dd0000 - 0x00007fff97df5000 	C:\Windows\SYSTEM32\USERENV.dll
0x00007fff97860000 - 0x00007fff9786c000 	C:\Windows\SYSTEM32\CRYPTBASE.dll
0x00007fff973a0000 - 0x00007fff973da000 	C:\Windows\SYSTEM32\IPHLPAPI.DLL
0x00007fff99c60000 - 0x00007fff99c68000 	C:\Windows\System32\NSI.dll
0x00007fff8f920000 - 0x00007fff8f936000 	C:\Windows\SYSTEM32\dhcpcsvc6.DLL
0x00007fff8f900000 - 0x00007fff8f91c000 	C:\Windows\SYSTEM32\dhcpcsvc.DLL
0x00007fff973f0000 - 0x00007fff974bb000 	C:\Windows\SYSTEM32\DNSAPI.dll
0x00007fff8f940000 - 0x00007fff8f94b000 	C:\Windows\SYSTEM32\WINNSI.DLL

VM Arguments:
jvm_args: -Xmx2048m -Dfile.encoding=UTF-8 -Duser.country=SA -Duser.language=ar -Duser.variant 
java_command: org.gradle.launcher.daemon.bootstrap.GradleDaemon 6.5
java_class_path (initial): C:\Users\hp\.gradle\wrapper\dists\gradle-6.5-bin\6nifqtx7604sqp1q6g8wikw7p\gradle-6.5\lib\gradle-launcher-6.5.jar
Launcher Type: SUN_STANDARD

Environment Variables:
JAVA_HOME=C:\Program Files\Java\jdk1.8.0_161
PATH=C:\ProgramData\Oracle\Java\javapath;C:\Windows\system32;C:\Windows;C:\Windows\System32\Wbem;C:\Windows\System32\WindowsPowerShell\v1.0\;C:\Windows\System32\OpenSSH\;C:\Program Files\Git\cmd;C:\Program Files\Java\jdk1.8.0_161\bin;C:\Users\hp\AppData\Local\Microsoft\WindowsApps;C:\Users\hp\AppData\Local\Android\Sdk\platform-tools;C:\Users\hp\AppData\Local\GitHubDesktop\bin
USERNAME=hp
OS=Windows_NT
PROCESSOR_IDENTIFIER=Intel64 Family 6 Model 78 Stepping 3, GenuineIntel



---------------  S Y S T E M  ---------------

OS: Windows 10.0 , 64 bit Build 18362 (10.0.18362.1350)

CPU:total 4 (initial active 4) (2 cores per cpu, 2 threads per core) family 6 model 78 stepping 3, cmov, cx8, fxsr, mmx, sse, sse2, sse3, ssse3, sse4.1, sse4.2, popcnt, avx, avx2, aes, clmul, erms, 3dnowpref, lzcnt, ht, tsc, tscinvbit, bmi1, bmi2, adx

Memory: 4k page, physical 8276996k(945704k free), swap 24548624k(5908k free)

vm_info: OpenJDK 64-Bit Server VM (25.242-b01) for windows-amd64 JRE (1.8.0_242-release-1644-b01), built by "builder" with MS VC++ 10.0 (VS2010)

time: Sun Jun 06 21:31:59 2021
timezone:  ÊﬁÌ  ’Ì›Ì ··÷›… «·€—»Ì… Ê€“…
elapsed time: 24 seconds (0d 0h 0m 24s)

