#
# There is insufficient memory for the Java Runtime Environment to continue.
# Native memory allocation (malloc) failed to allocate 2165136 bytes for Chunk::new
# Possible reasons:
#   The system is out of physical RAM or swap space
#   The process is running with CompressedOops enabled, and the Java Heap may be blocking the growth of the native heap
# Possible solutions:
#   Reduce memory load on the system
#   Increase physical memory or swap space
#   Check if swap backing store is full
#   Decrease Java heap size (-Xmx/-Xms)
#   Decrease number of Java threads
#   Decrease Java thread stack sizes (-Xss)
#   Set larger code cache with -XX:ReservedCodeCacheSize=
#   JVM is running with Unscaled Compressed Oops mode in which the Java heap is
#     placed in the first 4GB address space. The Java Heap base address is the
#     maximum limit for the native heap growth. Please use -XX:HeapBaseMinAddress
#     to set the Java Heap base and to place the Java Heap above 4GB virtual address.
# This output file may be truncated or incomplete.
#
#  Out of Memory Error (allocation.cpp:389), pid=17296, tid=0x0000000000000ef8
#
# JRE version: OpenJDK Runtime Environment (8.0_242-b01) (build 1.8.0_242-release-1644-b01)
# Java VM: OpenJDK 64-Bit Server VM (25.242-b01 mixed mode windows-amd64 compressed oops)
# Failed to write core dump. Minidumps are not enabled by default on client versions of Windows
#

---------------  T H R E A D  ---------------

Current thread (0x0000000017244800):  JavaThread "C2 CompilerThread0" daemon [_thread_in_native, id=3832, stack(0x0000000018890000,0x0000000018990000)]

Stack: [0x0000000018890000,0x0000000018990000]
[error occurred during error reporting (printing stack bounds), id 0xc0000005]

Native frames: (J=compiled Java code, j=interpreted, Vv=VM code, C=native code)


Current CompileTask:
C2:  15608 6021       4       java.net.URLClassLoader$1::run (5 bytes)


---------------  P R O C E S S  ---------------

Java Threads: ( => current thread )
  0x000000001e36e000 JavaThread "Cache worker for execution history cache (C:\Users\hp\AndroidStudioProjects\Ass3Video\.gradle\6.5\executionHistory)" [_thread_blocked, id=15684, stack(0x000000002adc0000,0x000000002aec0000)]
  0x000000001fd02000 JavaThread "pool-1-thread-1" [_thread_blocked, id=15220, stack(0x00000000295e0000,0x00000000296e0000)]
  0x000000001fd07800 JavaThread "jar transforms Thread 92" [_thread_blocked, id=10268, stack(0x00000000292e0000,0x00000000293e0000)]
  0x000000001fd08000 JavaThread "jar transforms Thread 91" [_thread_blocked, id=18404, stack(0x00000000291e0000,0x00000000292e0000)]
  0x000000001fcfe800 JavaThread "jar transforms Thread 90" [_thread_blocked, id=11656, stack(0x00000000290e0000,0x00000000291e0000)]
  0x000000001fd03000 JavaThread "jar transforms Thread 89" [_thread_blocked, id=17480, stack(0x0000000028fe0000,0x00000000290e0000)]
  0x000000001fd00000 JavaThread "jar transforms Thread 88" [_thread_blocked, id=15032, stack(0x0000000028ee0000,0x0000000028fe0000)]
  0x000000001fd01800 JavaThread "jar transforms Thread 87" [_thread_blocked, id=16900, stack(0x0000000028de0000,0x0000000028ee0000)]
  0x000000001fd03800 JavaThread "jar transforms Thread 86" [_thread_blocked, id=15748, stack(0x0000000028ce0000,0x0000000028de0000)]
  0x000000001fcfc000 JavaThread "jar transforms Thread 85" [_thread_blocked, id=15092, stack(0x0000000028be0000,0x0000000028ce0000)]
  0x000000001fcff000 JavaThread "jar transforms Thread 84" [_thread_blocked, id=10244, stack(0x0000000028ae0000,0x0000000028be0000)]
  0x000000001fd00800 JavaThread "jar transforms Thread 83" [_thread_blocked, id=15172, stack(0x00000000289e0000,0x0000000028ae0000)]
  0x000000001fcfd800 JavaThread "jar transforms Thread 82" [_thread_blocked, id=13748, stack(0x00000000288e0000,0x00000000289e0000)]
  0x000000001fcfa000 JavaThread "jar transforms Thread 81" [_thread_blocked, id=4544, stack(0x00000000287e0000,0x00000000288e0000)]
  0x000000001fcfb800 JavaThread "jar transforms Thread 80" [_thread_blocked, id=17812, stack(0x00000000286e0000,0x00000000287e0000)]
  0x000000001fcfa800 JavaThread "jar transforms Thread 79" [_thread_blocked, id=6820, stack(0x00000000285e0000,0x00000000286e0000)]
  0x000000001fcf9000 JavaThread "jar transforms Thread 78" [_thread_blocked, id=3776, stack(0x00000000284e0000,0x00000000285e0000)]
  0x000000001fcfd000 JavaThread "jar transforms Thread 77" [_thread_blocked, id=4164, stack(0x00000000283e0000,0x00000000284e0000)]
  0x000000001a36d800 JavaThread "jar transforms Thread 76" [_thread_blocked, id=8444, stack(0x00000000282e0000,0x00000000283e0000)]
  0x000000001a36c000 JavaThread "jar transforms Thread 75" [_thread_blocked, id=17608, stack(0x00000000281e0000,0x00000000282e0000)]
  0x000000001a36a800 JavaThread "jar transforms Thread 74" [_thread_blocked, id=17080, stack(0x00000000280e0000,0x00000000281e0000)]
  0x000000001a36b000 JavaThread "jar transforms Thread 73" [_thread_blocked, id=16504, stack(0x0000000027fe0000,0x00000000280e0000)]
  0x000000001a36f800 JavaThread "jar transforms Thread 72" [_thread_blocked, id=2576, stack(0x0000000027ee0000,0x0000000027fe0000)]
  0x000000001a36f000 JavaThread "jar transforms Thread 71" [_thread_blocked, id=18148, stack(0x0000000027de0000,0x0000000027ee0000)]
  0x000000001a36e000 JavaThread "jar transforms Thread 70" [_thread_blocked, id=13308, stack(0x0000000027ce0000,0x0000000027de0000)]
  0x000000001a36c800 JavaThread "jar transforms Thread 69" [_thread_blocked, id=3976, stack(0x0000000027be0000,0x0000000027ce0000)]
  0x000000001a369800 JavaThread "jar transforms Thread 68" [_thread_blocked, id=704, stack(0x0000000027ae0000,0x0000000027be0000)]
  0x000000001a365000 JavaThread "jar transforms Thread 67" [_thread_blocked, id=552, stack(0x00000000279e0000,0x0000000027ae0000)]
  0x000000001a362000 JavaThread "jar transforms Thread 66" [_thread_blocked, id=16536, stack(0x00000000278e0000,0x00000000279e0000)]
  0x000000001a369000 JavaThread "jar transforms Thread 65" [_thread_blocked, id=4556, stack(0x00000000277e0000,0x00000000278e0000)]
  0x000000001a368000 JavaThread "jar transforms Thread 64" [_thread_blocked, id=18156, stack(0x00000000276e0000,0x00000000277e0000)]
  0x000000001a367000 JavaThread "jar transforms Thread 63" [_thread_blocked, id=7452, stack(0x00000000275e0000,0x00000000276e0000)]
  0x000000001a363800 JavaThread "jar transforms Thread 62" [_thread_blocked, id=17796, stack(0x00000000274e0000,0x00000000275e0000)]
  0x000000001a366800 JavaThread "jar transforms Thread 61" [_thread_blocked, id=11164, stack(0x00000000273e0000,0x00000000274e0000)]
  0x000000001a362800 JavaThread "jar transforms Thread 60" [_thread_blocked, id=17656, stack(0x00000000272e0000,0x00000000273e0000)]
  0x000000001a360800 JavaThread "jar transforms Thread 59" [_thread_blocked, id=4592, stack(0x00000000271e0000,0x00000000272e0000)]
  0x000000001a365800 JavaThread "jar transforms Thread 58" [_thread_blocked, id=11988, stack(0x00000000270e0000,0x00000000271e0000)]
  0x000000001a361000 JavaThread "jar transforms Thread 57" [_thread_blocked, id=17632, stack(0x0000000026fe0000,0x00000000270e0000)]
  0x000000001a364000 JavaThread "jar transforms Thread 56" [_thread_blocked, id=16732, stack(0x0000000026ee0000,0x0000000026fe0000)]
  0x000000001e01e000 JavaThread "jar transforms Thread 55" [_thread_blocked, id=17876, stack(0x0000000026de0000,0x0000000026ee0000)]
  0x000000001e01d800 JavaThread "jar transforms Thread 54" [_thread_blocked, id=15584, stack(0x0000000026ce0000,0x0000000026de0000)]
  0x000000001e01c800 JavaThread "jar transforms Thread 53" [_thread_blocked, id=4728, stack(0x0000000026be0000,0x0000000026ce0000)]
  0x000000001e01c000 JavaThread "jar transforms Thread 52" [_thread_blocked, id=17744, stack(0x0000000026ae0000,0x0000000026be0000)]
  0x000000001e01b000 JavaThread "jar transforms Thread 51" [_thread_blocked, id=17340, stack(0x00000000269e0000,0x0000000026ae0000)]
  0x000000001e019800 JavaThread "jar transforms Thread 50" [_thread_blocked, id=16144, stack(0x00000000268e0000,0x00000000269e0000)]
  0x000000001e01a800 JavaThread "jar transforms Thread 49" [_thread_blocked, id=16368, stack(0x00000000267e0000,0x00000000268e0000)]
  0x000000001e01f000 JavaThread "jar transforms Thread 48" [_thread_blocked, id=17680, stack(0x00000000266e0000,0x00000000267e0000)]
  0x000000001e019000 JavaThread "jar transforms Thread 47" [_thread_blocked, id=14840, stack(0x00000000265e0000,0x00000000266e0000)]
  0x000000001e011800 JavaThread "jar transforms Thread 46" [_thread_blocked, id=4324, stack(0x00000000264e0000,0x00000000265e0000)]
  0x000000001e018000 JavaThread "jar transforms Thread 45" [_thread_blocked, id=16872, stack(0x00000000263e0000,0x00000000264e0000)]
  0x000000001e017800 JavaThread "jar transforms Thread 44" [_thread_blocked, id=17020, stack(0x00000000262e0000,0x00000000263e0000)]
  0x000000001e013800 JavaThread "jar transforms Thread 43" [_thread_blocked, id=16944, stack(0x00000000261e0000,0x00000000262e0000)]
  0x000000001e010000 JavaThread "jar transforms Thread 42" [_thread_blocked, id=17236, stack(0x00000000260e0000,0x00000000261e0000)]
  0x000000001e010800 JavaThread "jar transforms Thread 41" [_thread_blocked, id=8460, stack(0x0000000025fe0000,0x00000000260e0000)]
  0x000000001e016800 JavaThread "jar transforms Thread 40" [_thread_blocked, id=1936, stack(0x0000000025ee0000,0x0000000025fe0000)]
  0x000000001e014800 JavaThread "jar transforms Thread 39" [_thread_blocked, id=16960, stack(0x0000000025de0000,0x0000000025ee0000)]
  0x000000001e013000 JavaThread "jar transforms Thread 38" [_thread_blocked, id=16576, stack(0x0000000025ce0000,0x0000000025de0000)]
  0x000000001e012000 JavaThread "jar transforms Thread 37" [_thread_blocked, id=14808, stack(0x0000000025be0000,0x0000000025ce0000)]
  0x000000001e015000 JavaThread "jar transforms Thread 36" [_thread_blocked, id=13856, stack(0x0000000025ae0000,0x0000000025be0000)]
  0x000000001e016000 JavaThread "jar transforms Thread 35" [_thread_blocked, id=13052, stack(0x00000000259e0000,0x0000000025ae0000)]
  0x0000000019960000 JavaThread "jar transforms Thread 34" [_thread_blocked, id=16776, stack(0x00000000258e0000,0x00000000259e0000)]
  0x000000001995f800 JavaThread "jar transforms Thread 33" [_thread_blocked, id=13140, stack(0x00000000257e0000,0x00000000258e0000)]
  0x000000001995e800 JavaThread "jar transforms Thread 32" [_thread_blocked, id=12552, stack(0x00000000256e0000,0x00000000257e0000)]
  0x000000001995e000 JavaThread "jar transforms Thread 31" [_thread_blocked, id=15048, stack(0x00000000255e0000,0x00000000256e0000)]
  0x000000001995d000 JavaThread "jar transforms Thread 30" [_thread_blocked, id=17400, stack(0x00000000254e0000,0x00000000255e0000)]
  0x000000001995c800 JavaThread "jar transforms Thread 29" [_thread_blocked, id=11280, stack(0x00000000253e0000,0x00000000254e0000)]
  0x0000000019955000 JavaThread "jar transforms Thread 28" [_thread_blocked, id=7112, stack(0x00000000252e0000,0x00000000253e0000)]
  0x000000001995b800 JavaThread "jar transforms Thread 27" [_thread_blocked, id=13316, stack(0x00000000251e0000,0x00000000252e0000)]
  0x000000001995a000 JavaThread "jar transforms Thread 26" [_thread_blocked, id=14824, stack(0x00000000250e0000,0x00000000251e0000)]
  0x000000001995b000 JavaThread "Build operations Thread 4" [_thread_blocked, id=14880, stack(0x0000000024fe0000,0x00000000250e0000)]
  0x0000000019959800 JavaThread "Build operations Thread 3" [_thread_blocked, id=7880, stack(0x0000000024ee0000,0x0000000024fe0000)]
  0x0000000019954000 JavaThread "Build operations Thread 2" [_thread_blocked, id=17896, stack(0x0000000024de0000,0x0000000024ee0000)]
  0x0000000019958800 JavaThread "Build operations" [_thread_blocked, id=9676, stack(0x0000000024ce0000,0x0000000024de0000)]
  0x0000000019958000 JavaThread "Cache worker for Build Output Cleanup Cache (C:\Users\hp\AndroidStudioProjects\Ass3Video\.gradle\buildOutputCleanup)" [_thread_blocked, id=16352, stack(0x0000000022f80000,0x0000000023080000)]
  0x0000000019957000 JavaThread "Cache worker for file content cache (C:\Users\hp\.gradle\caches\6.5\fileContent)" [_thread_blocked, id=15312, stack(0x0000000022e80000,0x0000000022f80000)]
  0x0000000019952000 JavaThread "Cache worker for execution history cache (C:\Users\hp\.gradle\caches\6.5\executionHistory)" [_thread_blocked, id=15140, stack(0x0000000022980000,0x0000000022a80000)]
  0x0000000019291800 JavaThread "Cache worker for cache directory md-rule (C:\Users\hp\.gradle\caches\6.5\md-rule)" [_thread_blocked, id=2496, stack(0x0000000022680000,0x0000000022780000)]
  0x0000000019297800 JavaThread "Cache worker for cache directory md-supplier (C:\Users\hp\.gradle\caches\6.5\md-supplier)" [_thread_blocked, id=18272, stack(0x0000000022460000,0x0000000022560000)]
  0x0000000019296000 JavaThread "Cache worker for checksums cache (C:\Users\hp\AndroidStudioProjects\Ass3Video\.gradle\checksums)" [_thread_blocked, id=8796, stack(0x0000000022580000,0x0000000022680000)]
  0x0000000019298000 JavaThread "jar transforms Thread 25" [_thread_blocked, id=15728, stack(0x0000000022160000,0x0000000022260000)]
  0x0000000019296800 JavaThread "jar transforms Thread 24" [_thread_blocked, id=17948, stack(0x0000000021f60000,0x0000000022060000)]
  0x0000000019294800 JavaThread "jar transforms Thread 23" [_thread_blocked, id=2764, stack(0x0000000021e60000,0x0000000021f60000)]
  0x0000000019295000 JavaThread "jar transforms Thread 22" [_thread_blocked, id=14492, stack(0x0000000021d60000,0x0000000021e60000)]
  0x0000000019292000 JavaThread "jar transforms Thread 21" [_thread_blocked, id=17688, stack(0x0000000021c60000,0x0000000021d60000)]
  0x0000000019293000 JavaThread "jar transforms Thread 20" [_thread_blocked, id=16268, stack(0x0000000021b60000,0x0000000021c60000)]
  0x0000000019293800 JavaThread "jar transforms Thread 19" [_thread_blocked, id=17180, stack(0x0000000021a60000,0x0000000021b60000)]
  0x000000001928a000 JavaThread "jar transforms Thread 18" [_thread_blocked, id=14096, stack(0x0000000021960000,0x0000000021a60000)]
  0x0000000019290800 JavaThread "jar transforms Thread 17" [_thread_blocked, id=7620, stack(0x0000000021860000,0x0000000021960000)]
  0x0000000019290000 JavaThread "jar transforms Thread 16" [_thread_blocked, id=15400, stack(0x0000000021760000,0x0000000021860000)]
  0x000000001928d800 JavaThread "jar transforms Thread 15" [_thread_blocked, id=1448, stack(0x0000000021660000,0x0000000021760000)]
  0x0000000019289000 JavaThread "jar transforms Thread 14" [_thread_blocked, id=15528, stack(0x0000000021560000,0x0000000021660000)]
  0x000000001928e800 JavaThread "jar transforms Thread 13" [_thread_blocked, id=12348, stack(0x0000000021460000,0x0000000021560000)]
  0x000000001928d000 JavaThread "jar transforms Thread 12" [_thread_blocked, id=1548, stack(0x0000000021360000,0x0000000021460000)]
  0x000000001928b800 JavaThread "jar transforms Thread 11" [_thread_blocked, id=16980, stack(0x0000000021260000,0x0000000021360000)]
  0x000000001928a800 JavaThread "jar transforms Thread 10" [_thread_blocked, id=3152, stack(0x0000000021160000,0x0000000021260000)]
  0x000000001928f000 JavaThread "jar transforms Thread 9" [_thread_blocked, id=5404, stack(0x0000000021060000,0x0000000021160000)]
  0x000000001928c000 JavaThread "jar transforms Thread 8" [_thread_blocked, id=16476, stack(0x0000000020f60000,0x0000000021060000)]
  0x000000001ac6f000 JavaThread "jar transforms Thread 7" [_thread_blocked, id=17884, stack(0x0000000020e60000,0x0000000020f60000)]
  0x000000001ac69800 JavaThread "jar transforms Thread 6" [_thread_blocked, id=16780, stack(0x0000000020ac0000,0x0000000020bc0000)]
  0x000000001ac6d800 JavaThread "jar transforms Thread 5" [_thread_blocked, id=5996, stack(0x00000000209c0000,0x0000000020ac0000)]
  0x000000001ac6c800 JavaThread "jar transforms Thread 4" [_thread_blocked, id=16920, stack(0x000000001f750000,0x000000001f850000)]
  0x000000001ac70800 JavaThread "jar transforms Thread 3" [_thread_blocked, id=16228, stack(0x000000001f650000,0x000000001f750000)]
  0x000000001ac6f800 JavaThread "jar transforms Thread 2" [_thread_blocked, id=8692, stack(0x000000001f550000,0x000000001f650000)]
  0x000000001ac6c000 JavaThread "jar transforms" [_thread_blocked, id=7752, stack(0x000000001f450000,0x000000001f550000)]
  0x000000001ac6a800 JavaThread "Cache worker for file hash cache (C:\Users\hp\AndroidStudioProjects\Ass3Video\.gradle\6.5\fileHashes)" [_thread_blocked, id=6848, stack(0x00000000208c0000,0x00000000209c0000)]
  0x000000001ac6b000 JavaThread "Cache worker for file hash cache (C:\Users\hp\.gradle\caches\6.5\fileHashes)" [_thread_blocked, id=15816, stack(0x000000001d1b0000,0x000000001d2b0000)]
  0x000000001ac6e000 JavaThread "File lock request listener" [_thread_in_native, id=16700, stack(0x000000001d0b0000,0x000000001d1b0000)]
  0x0000000019698000 JavaThread "Cache worker for journal cache (C:\Users\hp\.gradle\caches\journal-1)" [_thread_blocked, id=18140, stack(0x000000001cfb0000,0x000000001d0b0000)]
  0x000000001ab79000 JavaThread "Thread-9" [_thread_blocked, id=18064, stack(0x000000001ccb0000,0x000000001cdb0000)]
  0x000000001ab78800 JavaThread "Stdin handler" [_thread_blocked, id=16292, stack(0x000000001cbb0000,0x000000001ccb0000)]
  0x0000000019cde800 JavaThread "Asynchronous log dispatcher for DefaultDaemonConnection: socket connection from /127.0.0.1:64641 to /127.0.0.1:64642" [_thread_blocked, id=18144, stack(0x000000001cab0000,0x000000001cbb0000)]
  0x0000000019cdc800 JavaThread "Daemon worker" [_thread_in_native, id=12536, stack(0x000000001c9b0000,0x000000001cab0000)]
  0x000000001ab32800 JavaThread "Cancel handler" [_thread_blocked, id=3476, stack(0x000000001c8b0000,0x000000001c9b0000)]
  0x000000001a958000 JavaThread "Handler for socket connection from /127.0.0.1:64641 to /127.0.0.1:64642" [_thread_in_native, id=3992, stack(0x000000001c7b0000,0x000000001c8b0000)]
  0x000000001aa5d800 JavaThread "Daemon" [_thread_blocked, id=6652, stack(0x000000001c6b0000,0x000000001c7b0000)]
  0x000000001aa5a800 JavaThread "Daemon periodic checks" [_thread_blocked, id=11032, stack(0x000000001c3b0000,0x000000001c4b0000)]
  0x000000001aa4e800 JavaThread "Incoming local TCP Connector on port 64641" [_thread_in_native, id=1236, stack(0x000000001c170000,0x000000001c270000)]
  0x000000001923d800 JavaThread "Daemon health stats" [_thread_blocked, id=9588, stack(0x000000001bb30000,0x000000001bc30000)]
  0x0000000018b05800 JavaThread "Service Thread" daemon [_thread_blocked, id=17260, stack(0x0000000018f90000,0x0000000019090000)]
  0x000000001724d000 JavaThread "C1 CompilerThread2" daemon [_thread_blocked, id=5400, stack(0x0000000018e90000,0x0000000018f90000)]
  0x0000000017248800 JavaThread "C2 CompilerThread1" daemon [_thread_in_native, id=5060, stack(0x0000000018990000,0x0000000018a90000)]
=>0x0000000017244800 JavaThread "C2 CompilerThread0" daemon [_thread_in_native, id=3832, stack(0x0000000018890000,0x0000000018990000)]
  0x0000000017243000 JavaThread "Attach Listener" daemon [_thread_blocked, id=13944, stack(0x0000000018790000,0x0000000018890000)]
  0x0000000017293800 JavaThread "Signal Dispatcher" daemon [_thread_blocked, id=5348, stack(0x0000000018690000,0x0000000018790000)]
  0x000000000251b000 JavaThread "Finalizer" daemon [_thread_blocked, id=17228, stack(0x0000000018490000,0x0000000018590000)]
  0x0000000017229000 JavaThread "Reference Handler" daemon [_thread_blocked, id=11736, stack(0x0000000018390000,0x0000000018490000)]
  0x000000000261d800 JavaThread "main" [_thread_blocked, id=15756, stack(0x0000000002270000,0x0000000002370000)]

Other Threads:
  0x0000000017206000 VMThread [stack: 0x0000000018290000,0x0000000018390000] [id=17116]
  0x0000000018b0a000 WatcherThread [stack: 0x0000000019090000,0x0000000019190000] [id=17244]

VM state:not at safepoint (normal execution)

VM Mutex/Monitor currently owned by a thread: None

heap address: 0x0000000080000000, size: 2048 MB, Compressed Oops mode: 32-bit
Narrow klass base: 0x0000000000000000, Narrow klass shift: 3
Compressed class space size: 1073741824 Address: 0x0000000100000000

Heap:
 PSYoungGen      total 168960K, used 98760K [0x00000000d5580000, 0x00000000e2d00000, 0x0000000100000000)
  eden space 153088K, 64% used [0x00000000d5580000,0x00000000db5f2198,0x00000000deb00000)
  from space 15872K, 0% used [0x00000000dff00000,0x00000000dff00000,0x00000000e0e80000)
  to   space 20480K, 0% used [0x00000000deb00000,0x00000000deb00000,0x00000000dff00000)
 ParOldGen       total 142336K, used 35625K [0x0000000080000000, 0x0000000088b00000, 0x00000000d5580000)
  object space 142336K, 25% used [0x0000000080000000,0x00000000822ca610,0x0000000088b00000)
 Metaspace       used 64045K, capacity 66724K, committed 67032K, reserved 1107968K
  class space    used 8625K, capacity 9148K, committed 9216K, reserved 1048576K

Card table byte_map: [0x00000000119e0000,0x0000000011df0000] byte_map_base: 0x00000000115e0000

Marking Bits: (ParMarkBitMap*) 0x000000006ec7f030
 Begin Bits: [0x00000000124a0000, 0x00000000144a0000)
 End Bits:   [0x00000000144a0000, 0x00000000164a0000)

Polling page: 0x0000000000670000

CodeCache: size=245760Kb used=19761Kb max_used=19761Kb free=225998Kb
 bounds [0x0000000002620000, 0x0000000003980000, 0x0000000011620000]
 total_blobs=6441 nmethods=5633 adapters=719
 compilation: enabled

Compilation events (10 events):
Event: 15.594 Thread 0x000000001724d000 6180       3       org.gradle.internal.hash.HashCode::equals (79 bytes)
Event: 15.595 Thread 0x000000001724d000 nmethod 6180 0x0000000003974fd0 code [0x0000000003975160, 0x0000000003975690]
Event: 15.596 Thread 0x000000001724d000 6181       1       java.util.Collections$EmptyList::hashCode (2 bytes)
Event: 15.596 Thread 0x000000001724d000 nmethod 6181 0x0000000003975850 code [0x00000000039759a0, 0x0000000003975ab0]
Event: 15.597 Thread 0x000000001724d000 6182       1       org.gradle.api.internal.artifacts.ivyservice.ivyresolve.ModuleDescriptorHashModuleSource::getDescriptorHash (5 bytes)
Event: 15.597 Thread 0x000000001724d000 nmethod 6182 0x0000000003975b10 code [0x0000000003975c60, 0x0000000003975d70]
Event: 15.597 Thread 0x000000001724d000 6183       1       org.gradle.api.internal.artifacts.ivyservice.ivyresolve.ModuleDescriptorHashModuleSource::isChangingModule (5 bytes)
Event: 15.597 Thread 0x000000001724d000 nmethod 6183 0x0000000003975dd0 code [0x0000000003975f20, 0x0000000003976030]
Event: 15.601 Thread 0x000000001724d000 6184   !   3       org.gradle.internal.serialize.kryo.KryoBackedDecoder::readLong (15 bytes)
Event: 15.602 Thread 0x000000001724d000 nmethod 6184 0x0000000003976090 code [0x0000000003976260, 0x00000000039768a8]

GC Heap History (10 events):
Event: 7.098 GC heap before
{Heap before GC invocations=11 (full 2):
 PSYoungGen      total 115200K, used 7898K [0x00000000d5580000, 0x00000000dfe00000, 0x0000000100000000)
  eden space 103424K, 0% used [0x00000000d5580000,0x00000000d5580000,0x00000000dba80000)
  from space 11776K, 67% used [0x00000000dba80000,0x00000000dc236a30,0x00000000dc600000)
  to   space 11776K, 0% used [0x00000000df280000,0x00000000df280000,0x00000000dfe00000)
 ParOldGen       total 59392K, used 9147K [0x0000000080000000, 0x0000000083a00000, 0x00000000d5580000)
  object space 59392K, 15% used [0x0000000080000000,0x00000000808eefc8,0x0000000083a00000)
 Metaspace       used 34176K, capacity 35342K, committed 35456K, reserved 1079296K
  class space    used 4602K, capacity 4917K, committed 4992K, reserved 1048576K
Event: 7.247 GC heap after
Heap after GC invocations=11 (full 2):
 PSYoungGen      total 115200K, used 0K [0x00000000d5580000, 0x00000000dfe00000, 0x0000000100000000)
  eden space 103424K, 0% used [0x00000000d5580000,0x00000000d5580000,0x00000000dba80000)
  from space 11776K, 0% used [0x00000000dba80000,0x00000000dba80000,0x00000000dc600000)
  to   space 11776K, 0% used [0x00000000df280000,0x00000000df280000,0x00000000dfe00000)
 ParOldGen       total 90112K, used 14534K [0x0000000080000000, 0x0000000085800000, 0x00000000d5580000)
  object space 90112K, 16% used [0x0000000080000000,0x0000000080e319c8,0x0000000085800000)
 Metaspace       used 34176K, capacity 35342K, committed 35456K, reserved 1079296K
  class space    used 4602K, capacity 4917K, committed 4992K, reserved 1048576K
}
Event: 9.270 GC heap before
{Heap before GC invocations=12 (full 2):
 PSYoungGen      total 115200K, used 103424K [0x00000000d5580000, 0x00000000dfe00000, 0x0000000100000000)
  eden space 103424K, 100% used [0x00000000d5580000,0x00000000dba80000,0x00000000dba80000)
  from space 11776K, 0% used [0x00000000dba80000,0x00000000dba80000,0x00000000dc600000)
  to   space 11776K, 0% used [0x00000000df280000,0x00000000df280000,0x00000000dfe00000)
 ParOldGen       total 90112K, used 14534K [0x0000000080000000, 0x0000000085800000, 0x00000000d5580000)
  object space 90112K, 16% used [0x0000000080000000,0x0000000080e319c8,0x0000000085800000)
 Metaspace       used 40156K, capacity 41710K, committed 41856K, reserved 1085440K
  class space    used 5369K, capacity 5740K, committed 5760K, reserved 1048576K
Event: 9.283 GC heap after
Heap after GC invocations=12 (full 2):
 PSYoungGen      total 139776K, used 10687K [0x00000000d5580000, 0x00000000dfd00000, 0x0000000100000000)
  eden space 129024K, 0% used [0x00000000d5580000,0x00000000d5580000,0x00000000dd380000)
  from space 10752K, 99% used [0x00000000df280000,0x00000000dfcefc08,0x00000000dfd00000)
  to   space 12288K, 0% used [0x00000000de500000,0x00000000de500000,0x00000000df100000)
 ParOldGen       total 90112K, used 14542K [0x0000000080000000, 0x0000000085800000, 0x00000000d5580000)
  object space 90112K, 16% used [0x0000000080000000,0x0000000080e339c8,0x0000000085800000)
 Metaspace       used 40156K, capacity 41710K, committed 41856K, reserved 1085440K
  class space    used 5369K, capacity 5740K, committed 5760K, reserved 1048576K
}
Event: 11.714 GC heap before
{Heap before GC invocations=13 (full 2):
 PSYoungGen      total 139776K, used 139711K [0x00000000d5580000, 0x00000000dfd00000, 0x0000000100000000)
  eden space 129024K, 100% used [0x00000000d5580000,0x00000000dd380000,0x00000000dd380000)
  from space 10752K, 99% used [0x00000000df280000,0x00000000dfcefc08,0x00000000dfd00000)
  to   space 12288K, 0% used [0x00000000de500000,0x00000000de500000,0x00000000df100000)
 ParOldGen       total 90112K, used 14542K [0x0000000080000000, 0x0000000085800000, 0x00000000d5580000)
  object space 90112K, 16% used [0x0000000080000000,0x0000000080e339c8,0x0000000085800000)
 Metaspace       used 49187K, capacity 51374K, committed 51584K, reserved 1093632K
  class space    used 6538K, capacity 6982K, committed 7040K, reserved 1048576K
Event: 11.734 GC heap after
Heap after GC invocations=13 (full 2):
 PSYoungGen      total 159232K, used 12261K [0x00000000d5580000, 0x00000000e0e80000, 0x0000000100000000)
  eden space 146944K, 0% used [0x00000000d5580000,0x00000000d5580000,0x00000000de500000)
  from space 12288K, 99% used [0x00000000de500000,0x00000000df0f9720,0x00000000df100000)
  to   space 15872K, 0% used [0x00000000dff00000,0x00000000dff00000,0x00000000e0e80000)
 ParOldGen       total 90112K, used 19661K [0x0000000080000000, 0x0000000085800000, 0x00000000d5580000)
  object space 90112K, 21% used [0x0000000080000000,0x0000000081333608,0x0000000085800000)
 Metaspace       used 49187K, capacity 51374K, committed 51584K, reserved 1093632K
  class space    used 6538K, capacity 6982K, committed 7040K, reserved 1048576K
}
Event: 13.376 GC heap before
{Heap before GC invocations=14 (full 2):
 PSYoungGen      total 159232K, used 109448K [0x00000000d5580000, 0x00000000e0e80000, 0x0000000100000000)
  eden space 146944K, 66% used [0x00000000d5580000,0x00000000db468a70,0x00000000de500000)
  from space 12288K, 99% used [0x00000000de500000,0x00000000df0f9720,0x00000000df100000)
  to   space 15872K, 0% used [0x00000000dff00000,0x00000000dff00000,0x00000000e0e80000)
 ParOldGen       total 90112K, used 19661K [0x0000000080000000, 0x0000000085800000, 0x00000000d5580000)
  object space 90112K, 21% used [0x0000000080000000,0x0000000081333608,0x0000000085800000)
 Metaspace       used 56693K, capacity 58996K, committed 59096K, reserved 1099776K
  class space    used 7455K, capacity 7913K, committed 7936K, reserved 1048576K
Event: 13.410 GC heap after
Heap after GC invocations=14 (full 2):
 PSYoungGen      total 168960K, used 15848K [0x00000000d5580000, 0x00000000e2d00000, 0x0000000100000000)
  eden space 153088K, 0% used [0x00000000d5580000,0x00000000d5580000,0x00000000deb00000)
  from space 15872K, 99% used [0x00000000dff00000,0x00000000e0e7a3b0,0x00000000e0e80000)
  to   space 20480K, 0% used [0x00000000deb00000,0x00000000deb00000,0x00000000dff00000)
 ParOldGen       total 90112K, used 27084K [0x0000000080000000, 0x0000000085800000, 0x00000000d5580000)
  object space 90112K, 30% used [0x0000000080000000,0x0000000081a73220,0x0000000085800000)
 Metaspace       used 56693K, capacity 58996K, committed 59096K, reserved 1099776K
  class space    used 7455K, capacity 7913K, committed 7936K, reserved 1048576K
}
Event: 13.410 GC heap before
{Heap before GC invocations=15 (full 3):
 PSYoungGen      total 168960K, used 15848K [0x00000000d5580000, 0x00000000e2d00000, 0x0000000100000000)
  eden space 153088K, 0% used [0x00000000d5580000,0x00000000d5580000,0x00000000deb00000)
  from space 15872K, 99% used [0x00000000dff00000,0x00000000e0e7a3b0,0x00000000e0e80000)
  to   space 20480K, 0% used [0x00000000deb00000,0x00000000deb00000,0x00000000dff00000)
 ParOldGen       total 90112K, used 27084K [0x0000000080000000, 0x0000000085800000, 0x00000000d5580000)
  object space 90112K, 30% used [0x0000000080000000,0x0000000081a73220,0x0000000085800000)
 Metaspace       used 56693K, capacity 58996K, committed 59096K, reserved 1099776K
  class space    used 7455K, capacity 7913K, committed 7936K, reserved 1048576K
Event: 13.679 GC heap after
Heap after GC invocations=15 (full 3):
 PSYoungGen      total 168960K, used 0K [0x00000000d5580000, 0x00000000e2d00000, 0x0000000100000000)
  eden space 153088K, 0% used [0x00000000d5580000,0x00000000d5580000,0x00000000deb00000)
  from space 15872K, 0% used [0x00000000dff00000,0x00000000dff00000,0x00000000e0e80000)
  to   space 20480K, 0% used [0x00000000deb00000,0x00000000deb00000,0x00000000dff00000)
 ParOldGen       total 142336K, used 35625K [0x0000000080000000, 0x0000000088b00000, 0x00000000d5580000)
  object space 142336K, 25% used [0x0000000080000000,0x00000000822ca610,0x0000000088b00000)
 Metaspace       used 56628K, capacity 58826K, committed 59096K, reserved 1099776K
  class space    used 7438K, capacity 7890K, committed 7936K, reserved 1048576K
}

Deoptimization events (10 events):
Event: 14.982 Thread 0x0000000019cdc800 Uncommon trap: reason=speculate_class_check action=maybe_recompile pc=0x00000000029da0b8 method=com.google.common.collect.AbstractIndexedListIterator.next()Ljava/lang/Object; @ 27
Event: 14.984 Thread 0x0000000019cdc800 Uncommon trap: reason=speculate_class_check action=maybe_recompile pc=0x00000000029da0b8 method=com.google.common.collect.AbstractIndexedListIterator.next()Ljava/lang/Object; @ 27
Event: 14.984 Thread 0x0000000019cdc800 Uncommon trap: reason=speculate_class_check action=maybe_recompile pc=0x00000000029da0b8 method=com.google.common.collect.AbstractIndexedListIterator.next()Ljava/lang/Object; @ 27
Event: 14.984 Thread 0x0000000019cdc800 Uncommon trap: reason=speculate_class_check action=maybe_recompile pc=0x00000000029da0b8 method=com.google.common.collect.AbstractIndexedListIterator.next()Ljava/lang/Object; @ 27
Event: 15.033 Thread 0x0000000019cdc800 Uncommon trap: reason=class_check action=maybe_recompile pc=0x000000000381dd5c method=java.util.Collections$SetFromMap.add(Ljava/lang/Object;)Z @ 8
Event: 15.160 Thread 0x000000001e373000 Uncommon trap: reason=unstable_if action=reinterpret pc=0x00000000034c32f4 method=java.util.concurrent.SynchronousQueue$TransferStack.awaitFulfill(Ljava/util/concurrent/SynchronousQueue$TransferStack$SNode;ZJ)Ljava/util/concurrent/SynchronousQueue$Transfe
Event: 15.160 Thread 0x000000001fd06000 Uncommon trap: reason=unstable_if action=reinterpret pc=0x00000000034c32f4 method=java.util.concurrent.SynchronousQueue$TransferStack.awaitFulfill(Ljava/util/concurrent/SynchronousQueue$TransferStack$SNode;ZJ)Ljava/util/concurrent/SynchronousQueue$Transfe
Event: 15.160 Thread 0x000000001fd06800 Uncommon trap: reason=unstable_if action=reinterpret pc=0x00000000034c32f4 method=java.util.concurrent.SynchronousQueue$TransferStack.awaitFulfill(Ljava/util/concurrent/SynchronousQueue$TransferStack$SNode;ZJ)Ljava/util/concurrent/SynchronousQueue$Transfe
Event: 15.315 Thread 0x0000000019cdc800 Uncommon trap: reason=class_check action=maybe_recompile pc=0x0000000002c3f8c0 method=java.lang.Throwable.<init>(Ljava/lang/String;Ljava/lang/Throwable;)V @ 24
Event: 15.318 Thread 0x0000000019cdc800 Uncommon trap: reason=unstable_if action=reinterpret pc=0x0000000002a12500 method=java.lang.AbstractStringBuilder.append(I)Ljava/lang/AbstractStringBuilder; @ 16

Classes redefined (0 events):
No events

Internal exceptions (10 events):
Event: 15.455 Thread 0x0000000019cdc800 Exception <a 'java/lang/NoSuchMethodError': <clinit>> (0x00000000dab9f718) thrown at [C:\src\AOSP-openjdk-git\hotspot\src\share\vm\prims\jni.cpp, line 1615]
Event: 15.461 Thread 0x0000000019cdc800 Exception <a 'java/lang/NoSuchMethodError': <clinit>> (0x00000000dac79748) thrown at [C:\src\AOSP-openjdk-git\hotspot\src\share\vm\prims\jni.cpp, line 1615]
Event: 15.470 Thread 0x0000000019cdc800 Exception <a 'java/lang/ClassNotFoundException': org/jetbrains/plugins/gradle/tooling/util/SourceSetCachedFinder$1BeanInfo> (0x00000000daccef10) thrown at [C:\src\AOSP-openjdk-git\hotspot\src\share\vm\classfile\systemDictionary.cpp, line 210]
Event: 15.471 Thread 0x0000000019cdc800 Exception <a 'java/lang/ClassNotFoundException': org/jetbrains/plugins/gradle/tooling/util/SourceSetCachedFinder$1Customizer> (0x00000000dace46b0) thrown at [C:\src\AOSP-openjdk-git\hotspot\src\share\vm\classfile\systemDictionary.cpp, line 210]
Event: 15.474 Thread 0x0000000019cdc800 Exception <a 'java/lang/ClassNotFoundException': org/jetbrains/plugins/gradle/tooling/util/SourceSetCachedFinder$2BeanInfo> (0x00000000dad2bdd8) thrown at [C:\src\AOSP-openjdk-git\hotspot\src\share\vm\classfile\systemDictionary.cpp, line 210]
Event: 15.475 Thread 0x0000000019cdc800 Exception <a 'java/lang/ClassNotFoundException': org/jetbrains/plugins/gradle/tooling/util/SourceSetCachedFinder$2Customizer> (0x00000000dad41578) thrown at [C:\src\AOSP-openjdk-git\hotspot\src\share\vm\classfile\systemDictionary.cpp, line 210]
Event: 15.477 Thread 0x0000000019cdc800 Exception <a 'java/lang/ClassNotFoundException': org/jetbrains/plugins/gradle/tooling/util/SourceSetCachedFinderBeanInfo> (0x00000000dad82510) thrown at [C:\src\AOSP-openjdk-git\hotspot\src\share\vm\classfile\systemDictionary.cpp, line 210]
Event: 15.477 Thread 0x0000000019cdc800 Exception <a 'java/lang/ClassNotFoundException': org/jetbrains/plugins/gradle/tooling/util/SourceSetCachedFinderCustomizer> (0x00000000dad97218) thrown at [C:\src\AOSP-openjdk-git\hotspot\src\share\vm\classfile\systemDictionary.cpp, line 210]
Event: 15.480 Thread 0x0000000019cdc800 Exception <a 'java/lang/ClassNotFoundException': org/jetbrains/plugins/gradle/tooling/util/SourceSetCachedFinder$ArtifactsMapBeanInfo> (0x00000000dadd9b80) thrown at [C:\src\AOSP-openjdk-git\hotspot\src\share\vm\classfile\systemDictionary.cpp, line 210]
Event: 15.480 Thread 0x0000000019cdc800 Exception <a 'java/lang/ClassNotFoundException': org/jetbrains/plugins/gradle/tooling/util/SourceSetCachedFinder$ArtifactsMapCustomizer> (0x00000000dadf0dd0) thrown at [C:\src\AOSP-openjdk-git\hotspot\src\share\vm\classfile\systemDictionary.cpp, line 210]

Events (10 events):
Event: 15.546 loading class org/gradle/api/internal/artifacts/ivyservice/modulecache/artifacts/DefaultModuleArtifactsCache$ModuleArtifactsCacheEntrySerializer
Event: 15.546 loading class org/gradle/api/internal/artifacts/ivyservice/modulecache/artifacts/DefaultModuleArtifactsCache$ModuleArtifactsCacheEntrySerializer done
Event: 15.547 loading class org/gradle/api/internal/artifacts/metadata/ComponentArtifactMetadataSerializer
Event: 15.547 loading class org/gradle/api/internal/artifacts/metadata/ComponentArtifactMetadataSerializer done
Event: 15.552 loading class org/gradle/api/internal/artifacts/ivyservice/modulecache/artifacts/AbstractArtifactsCache$ModuleArtifactsCacheEntry
Event: 15.552 loading class org/gradle/api/internal/artifacts/ivyservice/modulecache/artifacts/AbstractArtifactsCache$ModuleArtifactsCacheEntry done
Event: 15.552 loading class org/gradle/api/internal/artifacts/ivyservice/modulecache/artifacts/DefaultCachedArtifacts
Event: 15.552 loading class org/gradle/api/internal/artifacts/ivyservice/modulecache/artifacts/DefaultCachedArtifacts done
Event: 15.588 Thread 0x0000000019cdc800 DEOPT PACKING pc=0x0000000002a4fa32 sp=0x000000001caa9df0
Event: 15.588 Thread 0x0000000019cdc800 DEOPT UNPACKING pc=0x00000000026675d0 sp=0x000000001caa9ac0 mode 0


Dynamic libraries:
0x00007ff7d69d0000 - 0x00007ff7d6a01000 	C:\Program Files\Android\Android Studio\jre\bin\java.exe
0x00007fff9b000000 - 0x00007fff9b1f0000 	C:\Windows\SYSTEM32\ntdll.dll
0x00007fff9aae0000 - 0x00007fff9ab92000 	C:\Windows\System32\KERNEL32.DLL
0x00007fff982b0000 - 0x00007fff98555000 	C:\Windows\System32\KERNELBASE.dll
0x00007fff99860000 - 0x00007fff99903000 	C:\Windows\System32\ADVAPI32.dll
0x00007fff9af20000 - 0x00007fff9afbe000 	C:\Windows\System32\msvcrt.dll
0x00007fff9a970000 - 0x00007fff9aa07000 	C:\Windows\System32\sechost.dll
0x00007fff99740000 - 0x00007fff9985f000 	C:\Windows\System32\RPCRT4.dll
0x00007fff99940000 - 0x00007fff99ad4000 	C:\Windows\System32\USER32.dll
0x00007fff98280000 - 0x00007fff982a1000 	C:\Windows\System32\win32u.dll
0x00007fff99c70000 - 0x00007fff99c96000 	C:\Windows\System32\GDI32.dll
0x00007fff98e80000 - 0x00007fff99018000 	C:\Windows\System32\gdi32full.dll
0x00007fff981e0000 - 0x00007fff9827e000 	C:\Windows\System32\msvcp_win.dll
0x00007fff98590000 - 0x00007fff9868a000 	C:\Windows\System32\ucrtbase.dll
0x00007fff88c80000 - 0x00007fff88f04000 	C:\Windows\WinSxS\amd64_microsoft.windows.common-controls_6595b64144ccf1df_6.0.18362.1440_none_9e7dbfb9e45e8e67\COMCTL32.dll
0x00007fff9a630000 - 0x00007fff9a966000 	C:\Windows\System32\combase.dll
0x00007fff99020000 - 0x00007fff990a1000 	C:\Windows\System32\bcryptPrimitives.dll
0x00007fff99910000 - 0x00007fff9993e000 	C:\Windows\System32\IMM32.DLL
0x000000006e2f0000 - 0x000000006e3c2000 	C:\Program Files\Android\Android Studio\jre\jre\bin\msvcr100.dll
0x000000006e4b0000 - 0x000000006ecfb000 	C:\Program Files\Android\Android Studio\jre\jre\bin\server\jvm.dll
0x00007fff99260000 - 0x00007fff99268000 	C:\Windows\System32\PSAPI.DLL
0x00007fff95a50000 - 0x00007fff95a74000 	C:\Windows\SYSTEM32\WINMM.dll
0x00007fff90350000 - 0x00007fff9035a000 	C:\Windows\SYSTEM32\VERSION.dll
0x00007fff96990000 - 0x00007fff96999000 	C:\Windows\SYSTEM32\WSOCK32.dll
0x00007fff99d60000 - 0x00007fff99dcf000 	C:\Windows\System32\WS2_32.dll
0x00007fff955d0000 - 0x00007fff955fd000 	C:\Windows\SYSTEM32\winmmbase.dll
0x00007fff98e30000 - 0x00007fff98e7a000 	C:\Windows\System32\cfgmgr32.dll
0x00007fff95be0000 - 0x00007fff95bef000 	C:\Program Files\Android\Android Studio\jre\jre\bin\verify.dll
0x00007fff80170000 - 0x00007fff80199000 	C:\Program Files\Android\Android Studio\jre\jre\bin\java.dll
0x00007fff8f950000 - 0x00007fff8f966000 	C:\Program Files\Android\Android Studio\jre\jre\bin\zip.dll
0x00007fff99dd0000 - 0x00007fff9a4b8000 	C:\Windows\System32\SHELL32.dll
0x00007fff99cb0000 - 0x00007fff99d57000 	C:\Windows\System32\shcore.dll
0x00007fff986b0000 - 0x00007fff98e2b000 	C:\Windows\System32\windows.storage.dll
0x00007fff97f50000 - 0x00007fff97f6e000 	C:\Windows\System32\profapi.dll
0x00007fff97f00000 - 0x00007fff97f4a000 	C:\Windows\System32\powrprof.dll
0x00007fff97eb0000 - 0x00007fff97ec0000 	C:\Windows\System32\UMPDC.dll
0x00007fff996e0000 - 0x00007fff99732000 	C:\Windows\System32\shlwapi.dll
0x00007fff97ec0000 - 0x00007fff97ed1000 	C:\Windows\System32\kernel.appcore.dll
0x00007fff98690000 - 0x00007fff986a7000 	C:\Windows\System32\cryptsp.dll
0x00007fff803a0000 - 0x00007fff803ba000 	C:\Program Files\Android\Android Studio\jre\jre\bin\net.dll
0x00007fff97690000 - 0x00007fff976f7000 	C:\Windows\system32\mswsock.dll
0x00007fff80150000 - 0x00007fff80163000 	C:\Program Files\Android\Android Studio\jre\jre\bin\nio.dll
0x00007fff718f0000 - 0x00007fff71917000 	C:\Users\hp\.gradle\native\f6784746aeab05261644944871eae4fe03e0ef1612fff0a4a95f87b438bc6780\windows-amd64\native-platform.dll
0x00007fff95c60000 - 0x00007fff95c6d000 	C:\Program Files\Android\Android Studio\jre\jre\bin\management.dll
0x00007fff97210000 - 0x00007fff97243000 	C:\Windows\system32\rsaenh.dll
0x00007fff98560000 - 0x00007fff98586000 	C:\Windows\System32\bcrypt.dll
0x00007fff97dd0000 - 0x00007fff97df5000 	C:\Windows\SYSTEM32\USERENV.dll
0x00007fff97860000 - 0x00007fff9786c000 	C:\Windows\SYSTEM32\CRYPTBASE.dll
0x00007fff973a0000 - 0x00007fff973da000 	C:\Windows\SYSTEM32\IPHLPAPI.DLL
0x00007fff99c60000 - 0x00007fff99c68000 	C:\Windows\System32\NSI.dll
0x00007fff8f920000 - 0x00007fff8f936000 	C:\Windows\SYSTEM32\dhcpcsvc6.DLL
0x00007fff8f900000 - 0x00007fff8f91c000 	C:\Windows\SYSTEM32\dhcpcsvc.DLL
0x00007fff973f0000 - 0x00007fff974bb000 	C:\Windows\SYSTEM32\DNSAPI.dll
0x00007fff8f940000 - 0x00007fff8f94b000 	C:\Windows\SYSTEM32\WINNSI.DLL

VM Arguments:
jvm_args: -Xmx2048m -Dfile.encoding=UTF-8 -Duser.country=SA -Duser.language=ar -Duser.variant 
java_command: org.gradle.launcher.daemon.bootstrap.GradleDaemon 6.5
java_class_path (initial): C:\Users\hp\.gradle\wrapper\dists\gradle-6.5-bin\6nifqtx7604sqp1q6g8wikw7p\gradle-6.5\lib\gradle-launcher-6.5.jar
Launcher Type: SUN_STANDARD

Environment Variables:
JAVA_HOME=C:\Program Files\Java\jdk1.8.0_161
PATH=C:\ProgramData\Oracle\Java\javapath;C:\Windows\system32;C:\Windows;C:\Windows\System32\Wbem;C:\Windows\System32\WindowsPowerShell\v1.0\;C:\Windows\System32\OpenSSH\;C:\Program Files\Git\cmd;C:\Program Files\Java\jdk1.8.0_161\bin;C:\Users\hp\AppData\Local\Microsoft\WindowsApps;C:\Users\hp\AppData\Local\Android\Sdk\platform-tools;C:\Users\hp\AppData\Local\GitHubDesktop\bin
USERNAME=hp
OS=Windows_NT
PROCESSOR_IDENTIFIER=Intel64 Family 6 Model 78 Stepping 3, GenuineIntel



---------------  S Y S T E M  ---------------

OS: Windows 10.0 , 64 bit Build 18362 (10.0.18362.1350)

CPU:total 4 (initial active 4) (2 cores per cpu, 2 threads per core) family 6 model 78 stepping 3, cmov, cx8, fxsr, mmx, sse, sse2, sse3, ssse3, sse4.1, sse4.2, popcnt, avx, avx2, aes, clmul, erms, 3dnowpref, lzcnt, ht, tsc, tscinvbit, bmi1, bmi2, adx

Memory: 4k page, physical 8276996k(545100k free), swap 24548624k(4692k free)

vm_info: OpenJDK 64-Bit Server VM (25.242-b01) for windows-amd64 JRE (1.8.0_242-release-1644-b01), built by "builder" with MS VC++ 10.0 (VS2010)

time: Sun Jun 06 21:34:14 2021
timezone:  ÊﬁÌ  ’Ì›Ì ··÷›… «·€—»Ì… Ê€“…
elapsed time: 15 seconds (0d 0h 0m 15s)

